
----------------------application startup--------------------------
2022-06-17 09:40:40:191 --INFO -- 软件启动成功！
2022-06-17 09:40:45:165 --INFO -- 点击复位...
2022-06-17 09:40:45:169 --INFO -- 设备整机开始复位！
2022-06-17 09:40:47:173 --INFO -- 设备整机复位完成！
2022-06-17 09:40:48:861 --INFO -- 开始运行...
2022-06-17 09:40:53:898 --ERROR-- 回动作位超时检查动作位传感器

 ----------------------application shutdown--------------------------

----------------------application startup--------------------------
2022-06-17 09:41:36:808 --INFO -- 软件启动成功！

----------------------application startup--------------------------
2022-06-17 09:46:07:970 --INFO -- 软件启动成功！
2022-06-17 09:46:18:177 --INFO -- 点击复位...
2022-06-17 09:46:18:193 --INFO -- 设备整机开始复位！
2022-06-17 09:46:20:202 --INFO -- 设备整机复位完成！
2022-06-17 09:46:21:704 --INFO -- 开始运行...
2022-06-17 09:46:26:751 --ERROR-- 回动作位超时检查动作位传感器
2022-06-17 09:46:47:127 --INFO -- 点击复位...
2022-06-17 09:46:48:304 --INFO -- 开始运行...
2022-06-17 09:46:51:807 --ERROR-- 回动作位超时检查动作位传感器

 ----------------------application shutdown--------------------------

----------------------application startup--------------------------
2022-06-17 11:23:45:406 --INFO -- 软件启动成功！
2022-06-17 11:23:50:655 --INFO -- 点击复位...
2022-06-17 11:23:50:663 --INFO -- 设备整机开始复位！
2022-06-17 11:23:52:667 --INFO -- 设备整机复位完成！
2022-06-17 11:23:55:672 --INFO -- 开始运行...
2022-06-17 11:24:00:741 --ERROR-- 回动作位超时检查动作位传感器
2022-06-17 11:24:06:007 --INFO -- 点击停止...
2022-06-17 11:24:06:008 --INFO -- 停止中...
2022-06-17 11:24:06:014 --INFO -- 已停止！
2022-06-17 11:24:06:925 --INFO -- 点击复位...
2022-06-17 11:24:06:929 --INFO -- 设备整机开始复位！
2022-06-17 11:24:08:932 --INFO -- 设备整机复位完成！
2022-06-17 11:24:16:374 --INFO -- 开始运行...
2022-06-17 11:24:19:466 --INFO -- 点击停止...
2022-06-17 11:24:19:466 --INFO -- 停止中...
2022-06-17 11:24:43:428 --INFO -- 已停止！
2022-06-17 11:25:07:215 --INFO -- 点击复位...
2022-06-17 11:25:07:216 --INFO -- 设备整机开始复位！
2022-06-17 11:25:09:228 --INFO -- 设备整机复位完成！
2022-06-17 11:25:20:086 --INFO -- 开始运行...
2022-06-17 11:25:23:468 --INFO -- 点击停止...
2022-06-17 11:25:23:468 --INFO -- 停止中...
2022-06-17 11:26:26:543 --INFO -- 已停止！
2022-06-17 11:26:46:927 --INFO -- 点击复位...
2022-06-17 11:26:46:936 --INFO -- 设备整机开始复位！
2022-06-17 11:26:48:948 --INFO -- 设备整机复位完成！
2022-06-17 11:26:50:461 --INFO -- 开始运行...
2022-06-17 11:26:52:788 --INFO -- 点击停止...
2022-06-17 11:26:52:789 --INFO -- 停止中...

----------------------application startup--------------------------
2022-06-17 11:27:22:597 --INFO -- 软件启动成功！
2022-06-17 11:27:29:344 --INFO -- 点击复位...
2022-06-17 11:27:29:351 --INFO -- 设备整机开始复位！
2022-06-17 11:27:31:356 --INFO -- 设备整机复位完成！
2022-06-17 12:44:36:081 --INFO -- 开始运行...
2022-06-17 12:44:39:580 --INFO -- 点击停止...
2022-06-17 12:44:39:580 --INFO -- 停止中...
2022-06-17 12:44:45:338 --INFO -- 已停止！
2022-06-17 12:48:51:811 --INFO -- 点击复位...
2022-06-17 12:48:51:812 --INFO -- 设备整机开始复位！
2022-06-17 12:48:53:813 --INFO -- 设备整机复位完成！
2022-06-17 12:48:58:354 --INFO -- 开始运行...
2022-06-17 12:49:03:400 --ERROR-- 回动作位超时检查动作位传感器

 ----------------------application shutdown--------------------------

----------------------application startup--------------------------
2022-06-17 12:59:59:560 --ERROR-- 加载IO卡插件失败,System.Reflection.ReflectionTypeLoadException: 无法加载一个或多个请求的类型。有关更多信息，请检索 LoaderExceptions 属性。
   在 System.Reflection.RuntimeModule.GetTypes(RuntimeModule module)
   在 System.Reflection.Assembly.GetTypes()
   在 Tanac.Core.MachineResources.MotionCardManager.InitPlugin() 位置 C:\Users\zhangyong\Desktop\2022项目暂放\运动控制框架研发\Tanac.Master\Tanac.Core\MachineResources\Card\MotionCardManager.cs:行号 52
2022-06-17 13:00:01:634 --ERROR-- 轴卡添加失败给定关键字不在字典中。

----------------------application startup--------------------------
2022-06-17 13:00:29:605 --ERROR-- 加载IO卡插件失败,System.Reflection.ReflectionTypeLoadException: 无法加载一个或多个请求的类型。有关更多信息，请检索 LoaderExceptions 属性。
   在 System.Reflection.RuntimeModule.GetTypes(RuntimeModule module)
   在 System.Reflection.Assembly.GetTypes()
   在 Tanac.Core.MachineResources.MotionCardManager.InitPlugin() 位置 C:\Users\zhangyong\Desktop\2022项目暂放\运动控制框架研发\Tanac.Master\Tanac.Core\MachineResources\Card\MotionCardManager.cs:行号 52
2022-06-17 13:00:31:654 --ERROR-- 轴卡添加失败给定关键字不在字典中。
2022-06-17 13:00:31:917 --INFO -- 软件启动成功！

 ----------------------application shutdown--------------------------

----------------------application startup--------------------------
2022-06-17 13:00:54:429 --ERROR-- 加载IO卡插件失败,System.Reflection.ReflectionTypeLoadException: 无法加载一个或多个请求的类型。有关更多信息，请检索 LoaderExceptions 属性。
   在 System.Reflection.RuntimeModule.GetTypes(RuntimeModule module)
   在 System.Reflection.Assembly.GetTypes()
   在 Tanac.Core.MachineResources.MotionCardManager.InitPlugin() 位置 C:\Users\zhangyong\Desktop\2022项目暂放\运动控制框架研发\Tanac.Master\Tanac.Core\MachineResources\Card\MotionCardManager.cs:行号 52

----------------------application startup--------------------------
2022-06-17 13:01:21:637 --ERROR-- 加载IO卡插件失败,System.Reflection.ReflectionTypeLoadException: 无法加载一个或多个请求的类型。有关更多信息，请检索 LoaderExceptions 属性。
   在 System.Reflection.RuntimeModule.GetTypes(RuntimeModule module)
   在 System.Reflection.Assembly.GetTypes()
   在 Tanac.Core.MachineResources.MotionCardManager.InitPlugin() 位置 C:\Users\zhangyong\Desktop\2022项目暂放\运动控制框架研发\Tanac.Master\Tanac.Core\MachineResources\Card\MotionCardManager.cs:行号 52

----------------------application startup--------------------------
2022-06-17 13:02:42:539 --ERROR-- 加载IO卡插件失败,System.Reflection.ReflectionTypeLoadException: 无法加载一个或多个请求的类型。有关更多信息，请检索 LoaderExceptions 属性。
   在 System.Reflection.RuntimeModule.GetTypes(RuntimeModule module)
   在 System.Reflection.Assembly.GetTypes()
   在 Tanac.Core.MachineResources.MotionCardManager.InitPlugin() 位置 C:\Users\zhangyong\Desktop\2022项目暂放\运动控制框架研发\Tanac.Master\Tanac.Core\MachineResources\Card\MotionCardManager.cs:行号 52
2022-06-17 13:02:47:857 --ERROR-- 轴卡添加失败给定关键字不在字典中。
2022-06-17 13:02:48:102 --INFO -- 软件启动成功！

 ----------------------application shutdown--------------------------

----------------------application startup--------------------------
2022-06-17 13:03:03:534 --ERROR-- 加载IO卡插件失败,System.Reflection.ReflectionTypeLoadException: 无法加载一个或多个请求的类型。有关更多信息，请检索 LoaderExceptions 属性。
   在 System.Reflection.RuntimeModule.GetTypes(RuntimeModule module)
   在 System.Reflection.Assembly.GetTypes()
   在 Tanac.Core.MachineResources.MotionCardManager.InitPlugin() 位置 C:\Users\zhangyong\Desktop\2022项目暂放\运动控制框架研发\Tanac.Master\Tanac.Core\MachineResources\Card\MotionCardManager.cs:行号 52

----------------------application startup--------------------------
2022-06-17 13:03:27:577 --ERROR-- 加载IO卡插件失败,System.Reflection.ReflectionTypeLoadException: 无法加载一个或多个请求的类型。有关更多信息，请检索 LoaderExceptions 属性。
   在 System.Reflection.RuntimeModule.GetTypes(RuntimeModule module)
   在 System.Reflection.Assembly.GetTypes()
   在 Tanac.Core.MachineResources.MotionCardManager.InitPlugin() 位置 C:\Users\zhangyong\Desktop\2022项目暂放\运动控制框架研发\Tanac.Master\Tanac.Core\MachineResources\Card\MotionCardManager.cs:行号 52

----------------------application startup--------------------------
2022-06-17 13:04:13:783 --ERROR-- 加载IO卡插件失败,System.Reflection.ReflectionTypeLoadException: 无法加载一个或多个请求的类型。有关更多信息，请检索 LoaderExceptions 属性。
   在 System.Reflection.RuntimeModule.GetTypes(RuntimeModule module)
   在 System.Reflection.Assembly.GetTypes()
   在 Tanac.Core.MachineResources.MotionCardManager.InitPlugin() 位置 C:\Users\zhangyong\Desktop\2022项目暂放\运动控制框架研发\Tanac.Master\Tanac.Core\MachineResources\Card\MotionCardManager.cs:行号 52

----------------------application startup--------------------------
2022-06-17 13:04:44:725 --ERROR-- 加载IO卡插件失败,System.Reflection.ReflectionTypeLoadException: 无法加载一个或多个请求的类型。有关更多信息，请检索 LoaderExceptions 属性。
   在 System.Reflection.RuntimeModule.GetTypes(RuntimeModule module)
   在 System.Reflection.Assembly.GetTypes()
   在 Tanac.Core.MachineResources.MotionCardManager.InitPlugin() 位置 C:\Users\zhangyong\Desktop\2022项目暂放\运动控制框架研发\Tanac.Master\Tanac.Core\MachineResources\Card\MotionCardManager.cs:行号 52

----------------------application startup--------------------------
2022-06-17 13:05:35:943 --ERROR-- 加载IO卡插件失败,System.Reflection.ReflectionTypeLoadException: 无法加载一个或多个请求的类型。有关更多信息，请检索 LoaderExceptions 属性。
   在 System.Reflection.RuntimeModule.GetTypes(RuntimeModule module)
   在 System.Reflection.Assembly.GetTypes()
   在 Tanac.Core.MachineResources.MotionCardManager.InitPlugin() 位置 C:\Users\zhangyong\Desktop\2022项目暂放\运动控制框架研发\Tanac.Master\Tanac.Core\MachineResources\Card\MotionCardManager.cs:行号 52

----------------------application startup--------------------------
2022-06-17 13:08:01:722 --INFO -- 软件启动成功！

 ----------------------application shutdown--------------------------

----------------------application startup--------------------------
2022-06-17 13:09:30:169 --INFO -- 软件启动成功！

 ----------------------application shutdown--------------------------

----------------------application startup--------------------------
2022-06-17 13:14:16:363 --INFO -- 软件启动成功！

 ----------------------application shutdown--------------------------

----------------------application startup--------------------------
2022-06-17 13:17:22:824 --INFO -- 软件启动成功！
2022-06-17 13:17:28:944 --INFO -- 点击复位...
2022-06-17 13:17:28:946 --INFO -- 设备整机开始复位！
2022-06-17 13:17:30:950 --INFO -- 设备整机复位完成！
2022-06-17 13:17:41:652 --INFO -- 开始运行...

----------------------application startup--------------------------
2022-06-17 13:18:32:657 --INFO -- 软件启动成功！
2022-06-17 13:18:43:661 --INFO -- 点击复位...
2022-06-17 13:18:43:663 --INFO -- 设备整机开始复位！
2022-06-17 13:18:45:676 --INFO -- 设备整机复位完成！
2022-06-17 13:18:47:924 --INFO -- 开始运行...

----------------------application startup--------------------------
2022-06-17 13:23:26:328 --INFO -- 软件启动成功！
2022-06-17 13:23:29:691 --INFO -- 点击复位...
2022-06-17 13:23:29:705 --INFO -- 设备整机开始复位！
2022-06-17 13:23:31:726 --INFO -- 设备整机复位完成！
2022-06-17 13:23:32:692 --INFO -- 开始运行...
2022-06-17 13:23:36:236 --ERROR-- 回零超时
2022-06-17 13:23:41:086 --INFO -- 点击复位...
2022-06-17 13:23:41:894 --INFO -- 开始运行...
2022-06-17 13:23:43:905 --ERROR-- 回零超时
2022-06-17 13:23:49:720 --INFO -- 点击复位...
2022-06-17 13:23:50:693 --INFO -- 开始运行...
2022-06-17 13:23:52:707 --ERROR-- 回零超时

 ----------------------application shutdown--------------------------

----------------------application startup--------------------------
2022-06-17 13:24:32:492 --INFO -- 软件启动成功！
2022-06-17 13:24:37:358 --INFO -- 点击复位...
2022-06-17 13:24:37:364 --INFO -- 设备整机开始复位！
2022-06-17 13:24:39:374 --INFO -- 设备整机复位完成！
2022-06-17 13:24:40:197 --INFO -- 开始运行...
2022-06-17 13:24:49:280 --INFO -- 点击停止...
2022-06-17 13:24:49:290 --INFO -- 停止中...
2022-06-17 13:24:49:606 --INFO -- 已停止！
2022-06-17 13:25:30:750 --INFO -- 点击复位...
2022-06-17 13:25:30:760 --INFO -- 设备整机开始复位！
2022-06-17 13:25:32:773 --INFO -- 设备整机复位完成！
2022-06-17 13:25:34:262 --INFO -- 开始运行...
2022-06-17 13:26:06:224 --INFO -- 点击停止...
2022-06-17 13:26:06:224 --INFO -- 停止中...
2022-06-17 13:26:06:412 --INFO -- 已停止！
2022-06-17 13:26:13:310 --INFO -- 点击复位...
2022-06-17 13:26:13:321 --INFO -- 设备整机开始复位！
2022-06-17 13:26:15:321 --INFO -- 设备整机复位完成！
2022-06-17 13:26:16:631 --INFO -- 开始运行...
2022-06-17 13:26:59:919 --INFO -- 点击停止...
2022-06-17 13:26:59:919 --INFO -- 停止中...
2022-06-17 13:27:07:445 --INFO -- 已停止！

 ----------------------application shutdown--------------------------

----------------------application startup--------------------------
2022-06-17 13:44:41:904 --INFO -- 软件启动成功！
2022-06-17 13:45:05:558 --INFO -- 点击复位...
2022-06-17 13:45:05:564 --INFO -- 设备整机开始复位！
2022-06-17 13:45:07:567 --INFO -- 设备整机复位完成！
2022-06-17 13:45:08:992 --INFO -- 开始运行...
2022-06-17 13:45:24:094 --INFO -- 点击停止...
2022-06-17 13:45:24:104 --INFO -- 停止中...
2022-06-17 13:45:24:322 --INFO -- 已停止！

----------------------application startup--------------------------
2022-06-17 13:52:39:998 --INFO -- 软件启动成功！

 ----------------------application shutdown--------------------------

----------------------application startup--------------------------
2022-06-17 13:54:44:500 --INFO -- 软件启动成功！

----------------------application startup--------------------------
2022-06-17 13:55:14:458 --INFO -- 软件启动成功！

 ----------------------application shutdown--------------------------

----------------------application startup--------------------------
2022-06-17 14:00:47:251 --INFO -- 软件启动成功！

 ----------------------application shutdown--------------------------

----------------------application startup--------------------------
2022-06-17 14:06:51:590 --INFO -- 软件启动成功！

 ----------------------application shutdown--------------------------

----------------------application startup--------------------------
2022-06-17 14:08:33:683 --INFO -- 软件启动成功！

 ----------------------application shutdown--------------------------

----------------------application startup--------------------------
2022-06-17 14:09:41:148 --INFO -- 软件启动成功！

----------------------application startup--------------------------
2022-06-17 14:19:06:057 --INFO -- 软件启动成功！

 ----------------------application shutdown--------------------------

----------------------application startup--------------------------
2022-06-17 14:21:10:736 --INFO -- 软件启动成功！

 ----------------------application shutdown--------------------------

----------------------application startup--------------------------
2022-06-17 14:27:38:145 --INFO -- 软件启动成功！

 ----------------------application shutdown--------------------------

----------------------application startup--------------------------
2022-06-17 14:28:24:950 --INFO -- 软件启动成功！
2022-06-17 14:28:33:404 --INFO -- 点击复位...
2022-06-17 14:28:33:409 --INFO -- 设备整机开始复位！
2022-06-17 14:28:35:413 --INFO -- 设备整机复位完成！
2022-06-17 14:28:36:683 --INFO -- 开始运行...
2022-06-17 14:28:52:537 --ERROR-- 轴1定位超时
2022-06-17 14:28:54:929 --INFO -- 点击复位...
2022-06-17 14:28:55:691 --INFO -- 开始运行...
2022-06-17 14:30:13:153 --ERROR-- 轴1定位超时
2022-06-17 14:30:22:466 --INFO -- 点击复位...
2022-06-17 14:30:23:097 --INFO -- 开始运行...

----------------------application startup--------------------------
2022-06-17 14:32:52:819 --INFO -- 软件启动成功！
2022-06-17 14:33:04:704 --INFO -- 点击复位...
2022-06-17 14:33:04:715 --INFO -- 设备整机开始复位！
2022-06-17 14:33:06:733 --INFO -- 设备整机复位完成！
2022-06-17 14:33:07:836 --INFO -- 开始运行...
2022-06-17 14:33:37:683 --ERROR-- 轴1定位超时
2022-06-17 14:33:39:443 --INFO -- 点击复位...
2022-06-17 14:33:40:403 --INFO -- 开始运行...

----------------------application startup--------------------------
2022-06-17 14:38:29:814 --INFO -- 软件启动成功！

 ----------------------application shutdown--------------------------

----------------------application startup--------------------------
2022-06-17 14:47:29:418 --INFO -- 软件启动成功！

----------------------application startup--------------------------
2022-06-17 14:57:52:394 --INFO -- 软件启动成功！

----------------------application startup--------------------------
2022-06-17 15:54:40:469 --INFO -- 软件启动成功！

 ----------------------application shutdown--------------------------

----------------------application startup--------------------------
2022-06-17 15:55:18:448 --INFO -- 软件启动成功！

 ----------------------application shutdown--------------------------

----------------------application startup--------------------------
2022-06-17 15:58:21:457 --INFO -- 软件启动成功！

 ----------------------application shutdown--------------------------

----------------------application startup--------------------------
2022-06-17 15:59:09:829 --INFO -- 软件启动成功！

 ----------------------application shutdown--------------------------

----------------------application startup--------------------------
2022-06-17 16:00:27:271 --INFO -- 软件启动成功！

----------------------application startup--------------------------
2022-06-17 16:04:22:379 --INFO -- 软件启动成功！

----------------------application startup--------------------------
2022-06-17 16:05:10:167 --INFO -- 软件启动成功！

----------------------application startup--------------------------
2022-06-17 16:07:51:872 --INFO -- 软件启动成功！

----------------------application startup--------------------------
2022-06-17 16:08:43:083 --INFO -- 软件启动成功！

----------------------application startup--------------------------
2022-06-17 16:09:35:064 --INFO -- 软件启动成功！

----------------------application startup--------------------------
2022-06-17 16:13:28:380 --INFO -- 软件启动成功！

 ----------------------application shutdown--------------------------

----------------------application startup--------------------------
2022-06-17 16:15:21:690 --INFO -- 软件启动成功！

----------------------application startup--------------------------
2022-06-17 16:16:09:262 --INFO -- 软件启动成功！

 ----------------------application shutdown--------------------------

----------------------application startup--------------------------
2022-06-17 16:19:08:963 --INFO -- 软件启动成功！

----------------------application startup--------------------------
2022-06-17 16:21:07:003 --INFO -- 软件启动成功！

----------------------application startup--------------------------
2022-06-17 16:33:00:013 --INFO -- 软件启动成功！

----------------------application startup--------------------------
2022-06-17 16:58:42:155 --INFO -- 软件启动成功！

----------------------application startup--------------------------
2022-06-17 17:22:30:066 --INFO -- 软件启动成功！

 ----------------------application shutdown--------------------------

----------------------application startup--------------------------
2022-06-17 17:24:51:897 --INFO -- 软件启动成功！

 ----------------------application shutdown--------------------------
