
----------------------application startup--------------------------
2022-06-20 09:32:59:443 --INFO -- 软件启动成功！

 ----------------------application shutdown--------------------------

----------------------application startup--------------------------
2022-06-20 09:35:17:365 --INFO -- 软件启动成功！

----------------------application startup--------------------------
2022-06-20 09:41:23:379 --INFO -- 软件启动成功！

 ----------------------application shutdown--------------------------

----------------------application startup--------------------------
2022-06-20 09:42:34:135 --INFO -- 软件启动成功！

 ----------------------application shutdown--------------------------

----------------------application startup--------------------------
2022-06-20 09:58:21:261 --INFO -- 软件启动成功！

 ----------------------application shutdown--------------------------

----------------------application startup--------------------------
2022-06-20 09:59:37:798 --INFO -- 软件启动成功！

 ----------------------application shutdown--------------------------

----------------------application startup--------------------------
2022-06-20 10:00:27:306 --INFO -- 软件启动成功！

 ----------------------application shutdown--------------------------

----------------------application startup--------------------------
2022-06-20 10:02:24:761 --INFO -- 软件启动成功！

 ----------------------application shutdown--------------------------

----------------------application startup--------------------------
2022-06-20 10:13:05:776 --INFO -- 软件启动成功！

 ----------------------application shutdown--------------------------

----------------------application startup--------------------------
2022-06-20 10:15:11:562 --INFO -- 软件启动成功！

----------------------application startup--------------------------
2022-06-20 10:16:18:662 --INFO -- 软件启动成功！

 ----------------------application shutdown--------------------------

----------------------application startup--------------------------
2022-06-20 10:19:04:537 --INFO -- 软件启动成功！

 ----------------------application shutdown--------------------------

----------------------application startup--------------------------
2022-06-20 10:25:32:505 --INFO -- 软件启动成功！

 ----------------------application shutdown--------------------------

----------------------application startup--------------------------
2022-06-20 10:27:55:225 --INFO -- 软件启动成功！

----------------------application startup--------------------------
2022-06-20 10:40:43:210 --INFO -- 软件启动成功！

 ----------------------application shutdown--------------------------

----------------------application startup--------------------------
2022-06-20 10:44:59:976 --INFO -- 软件启动成功！

----------------------application startup--------------------------
2022-06-20 10:50:35:906 --INFO -- 软件启动成功！

 ----------------------application shutdown--------------------------

----------------------application startup--------------------------
2022-06-20 10:56:11:204 --INFO -- 软件启动成功！

----------------------application startup--------------------------
2022-06-20 10:57:12:105 --INFO -- 软件启动成功！

 ----------------------application shutdown--------------------------

----------------------application startup--------------------------
2022-06-20 10:59:19:291 --INFO -- 软件启动成功！

----------------------application startup--------------------------
2022-06-20 11:02:24:536 --INFO -- 软件启动成功！
2022-06-20 11:02:35:516 --INFO -- 点击复位...
2022-06-20 11:02:35:523 --INFO -- 设备整机开始复位！
2022-06-20 11:02:37:531 --INFO -- 设备整机复位完成！
2022-06-20 11:02:39:961 --INFO -- 开始运行...

 ----------------------application shutdown--------------------------

----------------------application startup--------------------------
2022-06-20 11:03:38:015 --INFO -- 软件启动成功！
2022-06-20 11:03:50:515 --INFO -- 点击复位...
2022-06-20 11:03:50:520 --INFO -- 设备整机开始复位！
2022-06-20 11:03:52:527 --INFO -- 设备整机复位完成！
2022-06-20 11:03:53:917 --INFO -- 开始运行...
2022-06-20 11:04:13:462 --INFO -- 点击停止...
2022-06-20 11:04:13:462 --INFO -- 停止中...
2022-06-20 11:04:13:693 --INFO -- 已停止！

 ----------------------application shutdown--------------------------

----------------------application startup--------------------------
2022-06-20 11:05:31:886 --INFO -- 软件启动成功！

 ----------------------application shutdown--------------------------

----------------------application startup--------------------------
2022-06-20 11:10:45:751 --INFO -- 软件启动成功！

 ----------------------application shutdown--------------------------

----------------------application startup--------------------------
2022-06-20 11:11:54:582 --ERROR-- 三色灯控制线程扫描异常,   在 Tanac.Core.MachineResources.OutputSetting.OFF(Int32 timeout) 位置 C:\Users\PC\Desktop\Tanac.Master\Tanac.Master\Tanac.Core\MachineResources\IO\OutputSetting.cs:行号 163
   在 Tanac.Master.Services.Machine.TriColorLampTask() 位置 C:\Users\PC\Desktop\Tanac.Master\Tanac.Master\Tanac.Master\Machine.cs:行号 443
2022-06-20 11:11:54:815 --INFO -- 软件启动成功！

----------------------application startup--------------------------
2022-06-20 11:21:52:079 --INFO -- 软件启动成功！

 ----------------------application shutdown--------------------------

----------------------application startup--------------------------
2022-06-20 11:22:08:133 --INFO -- 软件启动成功！

 ----------------------application shutdown--------------------------

----------------------application startup--------------------------
2022-06-20 11:23:26:286 --INFO -- 软件启动成功！

 ----------------------application shutdown--------------------------

----------------------application startup--------------------------
2022-06-20 11:24:24:004 --INFO -- 软件启动成功！
2022-06-20 11:24:30:154 --INFO -- 点击复位...
2022-06-20 11:24:30:156 --INFO -- 设备整机开始复位！
2022-06-20 11:24:32:161 --INFO -- 设备整机复位完成！
2022-06-20 11:24:34:633 --INFO -- 开始运行...
2022-06-20 11:27:13:379 --INFO -- 点击暂停...
2022-06-20 11:27:13:379 --INFO -- 暂停中...
2022-06-20 11:27:17:859 --INFO -- 开始运行...

 ----------------------application shutdown--------------------------
