
----------------------application startup--------------------------
2022-06-13 13:08:12:664 --ERROR-- 按钮IO扫描异常点击确定，再试一次；点击取消，重启软件，检查板卡是否掉线
2022-06-13 13:08:13:283 --INFO -- 软件启动成功！
2022-06-13 13:08:30:148 --ERROR-- 按钮IO扫描异常点击确定，再试一次；点击取消，重启软件，检查板卡是否掉线

----------------------application startup--------------------------
2022-06-13 13:11:50:887 --INFO -- 软件启动成功！

----------------------application startup--------------------------
2022-06-13 13:17:27:200 --ERROR-- 按钮IO扫描异常点击确定，再试一次；点击取消，重启软件，检查板卡是否掉线
2022-06-13 13:17:27:241 --ERROR-- 三色灯控制线程扫描异常,   在 Tanac.Master.Services.Machine.TriColorLampTask() 位置 C:\Users\zhangyong\Desktop\2022项目暂放\运动控制框架研发\Tanac.Master\Tanac.Master\Services\Machine.cs:行号 235
2022-06-13 13:17:27:690 --INFO -- 软件启动成功！
2022-06-13 13:17:36:236 --ERROR-- 按钮IO扫描异常点击确定，再试一次；点击取消，重启软件，检查板卡是否掉线
2022-06-13 13:17:40:406 --ERROR-- 按钮IO扫描异常点击确定，再试一次；点击取消，重启软件，检查板卡是否掉线
2022-06-13 13:17:45:017 --INFO -- 点击停止...
2022-06-13 13:17:45:018 --INFO -- 停止中...
2022-06-13 13:17:45:020 --INFO -- 已停止！
2022-06-13 13:17:45:031 --ERROR-- 按钮IO扫描异常点击确定，再试一次；点击取消，重启软件，检查板卡是否掉线
2022-06-13 13:17:46:443 --INFO -- 点击停止...
2022-06-13 13:17:46:443 --INFO -- 停止中...
2022-06-13 13:17:46:443 --INFO -- 已停止！
2022-06-13 13:17:46:455 --ERROR-- 按钮IO扫描异常点击确定，再试一次；点击取消，重启软件，检查板卡是否掉线
2022-06-13 13:17:47:246 --INFO -- 点击停止...
2022-06-13 13:17:47:247 --INFO -- 停止中...
2022-06-13 13:17:47:247 --INFO -- 已停止！
2022-06-13 13:17:47:259 --ERROR-- 按钮IO扫描异常点击确定，再试一次；点击取消，重启软件，检查板卡是否掉线
2022-06-13 13:17:47:793 --ERROR-- 按钮IO扫描异常点击确定，再试一次；点击取消，重启软件，检查板卡是否掉线

 ----------------------application shutdown--------------------------

----------------------application startup--------------------------
2022-06-13 16:49:02:613 --ERROR-- 三色灯控制线程扫描异常,   在 Tanac.Master.Services.Machine.TriColorLampTask() 位置 C:\Users\zhangyong\Desktop\2022项目暂放\运动控制框架研发\Tanac.Master\Tanac.Master\Machine.cs:行号 278
2022-06-13 16:49:02:611 --ERROR-- 按钮IO扫描异常点击确定，再试一次；点击取消，重启软件，检查板卡是否掉线
2022-06-13 16:49:03:186 --INFO -- 软件启动成功！
2022-06-13 16:49:04:876 --INFO -- 点击停止...
2022-06-13 16:49:04:876 --INFO -- 停止中...
2022-06-13 16:49:04:878 --INFO -- 已停止！

----------------------application startup--------------------------
2022-06-13 17:05:34:357 --ERROR-- 按钮IO扫描异常点击确定，再试一次；点击取消，重启软件，检查板卡是否掉线
2022-06-13 17:05:37:001 --ERROR-- 三色灯控制线程扫描异常,   在 Tanac.Master.Services.Machine.TriColorLampTask() 位置 C:\Users\zhangyong\Desktop\2022项目暂放\运动控制框架研发\Tanac.Master\Tanac.Master\Machine.cs:行号 278
2022-06-13 17:05:37:377 --INFO -- 软件启动成功！

----------------------application startup--------------------------
2022-06-13 17:06:09:271 --ERROR-- 按钮IO扫描异常点击确定，再试一次；点击取消，重启软件，检查板卡是否掉线
2022-06-13 17:06:09:285 --ERROR-- 三色灯控制线程扫描异常,   在 Tanac.Master.Services.Machine.TriColorLampTask() 位置 C:\Users\zhangyong\Desktop\2022项目暂放\运动控制框架研发\Tanac.Master\Tanac.Master\Machine.cs:行号 278
2022-06-13 17:06:09:681 --INFO -- 软件启动成功！
2022-06-13 17:06:15:029 --ERROR-- 按钮IO扫描异常点击确定，再试一次；点击取消，重启软件，检查板卡是否掉线
2022-06-13 17:06:17:414 --ERROR-- 按钮IO扫描异常点击确定，再试一次；点击取消，重启软件，检查板卡是否掉线
2022-06-13 17:06:26:978 --ERROR-- 按钮IO扫描异常点击确定，再试一次；点击取消，重启软件，检查板卡是否掉线
2022-06-13 17:06:33:269 --INFO -- 点击停止...
2022-06-13 17:06:33:269 --INFO -- 停止中...
2022-06-13 17:06:33:270 --INFO -- 已停止！
2022-06-13 17:06:33:282 --ERROR-- 按钮IO扫描异常点击确定，再试一次；点击取消，重启软件，检查板卡是否掉线
2022-06-13 17:06:34:594 --INFO -- 点击停止...
2022-06-13 17:06:34:594 --INFO -- 停止中...
2022-06-13 17:06:34:594 --INFO -- 已停止！
2022-06-13 17:06:34:606 --ERROR-- 按钮IO扫描异常点击确定，再试一次；点击取消，重启软件，检查板卡是否掉线
2022-06-13 17:06:35:451 --INFO -- 点击停止...
2022-06-13 17:06:35:451 --INFO -- 停止中...
2022-06-13 17:06:35:451 --INFO -- 已停止！
2022-06-13 17:06:35:462 --ERROR-- 按钮IO扫描异常点击确定，再试一次；点击取消，重启软件，检查板卡是否掉线
2022-06-13 17:06:36:100 --INFO -- 点击停止...
2022-06-13 17:06:36:100 --INFO -- 停止中...
2022-06-13 17:06:36:100 --INFO -- 已停止！
2022-06-13 17:06:36:112 --ERROR-- 按钮IO扫描异常点击确定，再试一次；点击取消，重启软件，检查板卡是否掉线
2022-06-13 17:06:40:276 --INFO -- 点击停止...
2022-06-13 17:06:40:276 --INFO -- 停止中...
2022-06-13 17:06:40:276 --INFO -- 已停止！
2022-06-13 17:06:40:287 --ERROR-- 按钮IO扫描异常点击确定，再试一次；点击取消，重启软件，检查板卡是否掉线
2022-06-13 17:06:43:246 --INFO -- 点击停止...
2022-06-13 17:06:43:246 --INFO -- 停止中...
2022-06-13 17:06:43:246 --INFO -- 已停止！
2022-06-13 17:06:43:257 --ERROR-- 按钮IO扫描异常点击确定，再试一次；点击取消，重启软件，检查板卡是否掉线
2022-06-13 17:06:45:660 --INFO -- 点击停止...
2022-06-13 17:06:45:660 --INFO -- 停止中...
2022-06-13 17:06:45:660 --INFO -- 已停止！
2022-06-13 17:06:45:671 --ERROR-- 按钮IO扫描异常点击确定，再试一次；点击取消，重启软件，检查板卡是否掉线
2022-06-13 17:06:46:684 --INFO -- 点击停止...
2022-06-13 17:06:46:684 --INFO -- 停止中...
2022-06-13 17:06:46:684 --INFO -- 已停止！
2022-06-13 17:06:46:695 --ERROR-- 按钮IO扫描异常点击确定，再试一次；点击取消，重启软件，检查板卡是否掉线
2022-06-13 17:06:47:220 --INFO -- 点击停止...
2022-06-13 17:06:47:220 --INFO -- 停止中...
2022-06-13 17:06:47:220 --INFO -- 已停止！
2022-06-13 17:06:47:230 --ERROR-- 按钮IO扫描异常点击确定，再试一次；点击取消，重启软件，检查板卡是否掉线
2022-06-13 17:06:47:705 --INFO -- 点击停止...
2022-06-13 17:06:47:705 --INFO -- 停止中...
2022-06-13 17:06:47:705 --INFO -- 已停止！
2022-06-13 17:06:47:717 --ERROR-- 按钮IO扫描异常点击确定，再试一次；点击取消，重启软件，检查板卡是否掉线
2022-06-13 17:06:48:171 --INFO -- 点击停止...
2022-06-13 17:06:48:171 --INFO -- 停止中...
2022-06-13 17:06:48:171 --INFO -- 已停止！
2022-06-13 17:06:48:182 --ERROR-- 按钮IO扫描异常点击确定，再试一次；点击取消，重启软件，检查板卡是否掉线
2022-06-13 17:06:48:785 --INFO -- 点击停止...
2022-06-13 17:06:48:785 --INFO -- 停止中...
2022-06-13 17:06:48:785 --INFO -- 已停止！
2022-06-13 17:06:48:796 --ERROR-- 按钮IO扫描异常点击确定，再试一次；点击取消，重启软件，检查板卡是否掉线

 ----------------------application shutdown--------------------------

----------------------application startup--------------------------
2022-06-13 21:33:28:055 --ERROR-- 按钮IO扫描异常点击确定，再试一次；点击取消，重启软件，检查板卡是否掉线
2022-06-13 21:33:28:105 --ERROR-- 三色灯控制线程扫描异常,   在 Tanac.Master.Services.Machine.TriColorLampTask() 位置 C:\Users\zhangyong\Desktop\2022项目暂放\运动控制框架研发\Tanac.Master\Tanac.Master\Machine.cs:行号 272
2022-06-13 21:33:28:530 --INFO -- 软件启动成功！

 ----------------------application shutdown--------------------------

----------------------application startup--------------------------
2022-06-13 21:42:28:399 --INFO -- 软件启动成功！

----------------------application startup--------------------------
2022-06-13 21:47:01:654 --INFO -- 软件启动成功！
2022-06-13 21:47:10:359 --INFO -- 点击复位...
2022-06-13 21:47:12:381 --INFO -- 设备整机复位完成！
2022-06-13 21:47:22:454 --INFO -- 开始运行...
2022-06-13 21:47:31:146 --INFO -- 点击复位...
2022-06-13 21:47:32:730 --INFO -- 开始运行...
2022-06-13 21:47:39:788 --INFO -- 点击复位...

----------------------application startup--------------------------
2022-06-13 21:49:03:870 --INFO -- 软件启动成功！
2022-06-13 21:49:13:761 --INFO -- 点击复位...
2022-06-13 21:49:15:771 --INFO -- 设备整机复位完成！
2022-06-13 21:49:18:281 --INFO -- 开始运行...
2022-06-13 21:49:23:388 --INFO -- 点击停止...
2022-06-13 21:49:23:389 --INFO -- 停止中...
2022-06-13 21:49:23:404 --INFO -- 已停止！
2022-06-13 21:49:27:536 --INFO -- 点击复位...
2022-06-13 21:49:29:589 --INFO -- 设备整机复位完成！
2022-06-13 21:49:34:039 --INFO -- 开始运行...
2022-06-13 21:50:36:731 --INFO -- 点击停止...
2022-06-13 21:50:36:731 --INFO -- 停止中...
2022-06-13 21:50:36:743 --INFO -- 已停止！
2022-06-13 21:50:40:371 --INFO -- 点击复位...
2022-06-13 21:50:42:379 --INFO -- 设备整机复位完成！
2022-06-13 21:50:48:405 --INFO -- 开始运行...
2022-06-13 21:50:50:745 --INFO -- 点击暂停...
2022-06-13 21:50:50:745 --INFO -- 暂停中...
2022-06-13 21:50:53:870 --INFO -- 开始运行...
2022-06-13 21:50:56:422 --INFO -- 点击暂停...
2022-06-13 21:50:56:423 --INFO -- 暂停中...
2022-06-13 21:50:58:548 --INFO -- 点击复位...
2022-06-13 21:51:06:095 --INFO -- 点击复位...
2022-06-13 21:51:07:476 --INFO -- 点击复位...
2022-06-13 21:51:09:667 --INFO -- 开始运行...
2022-06-13 21:51:14:110 --INFO -- 点击暂停...
2022-06-13 21:51:14:110 --INFO -- 暂停中...
2022-06-13 21:51:15:822 --INFO -- 点击复位...
2022-06-13 21:51:17:256 --INFO -- 点击停止...
2022-06-13 21:51:17:257 --INFO -- 停止中...
2022-06-13 21:51:17:263 --INFO -- 已停止！
2022-06-13 21:51:20:396 --INFO -- 点击复位...
2022-06-13 21:51:22:406 --INFO -- 设备整机复位完成！

 ----------------------application shutdown--------------------------

----------------------application startup--------------------------
2022-06-13 21:56:27:771 --INFO -- 软件启动成功！
2022-06-13 21:56:32:560 --INFO -- 点击复位...
2022-06-13 21:56:34:568 --INFO -- 设备整机复位完成！
2022-06-13 21:56:40:627 --INFO -- 开始运行...
2022-06-13 21:56:47:318 --INFO -- 点击暂停...
2022-06-13 21:56:47:318 --INFO -- 暂停中...
2022-06-13 21:56:50:017 --INFO -- 点击停止...
2022-06-13 21:56:50:017 --INFO -- 停止中...
2022-06-13 21:56:50:023 --INFO -- 已停止！
2022-06-13 21:57:03:449 --INFO -- 点击复位...
2022-06-13 21:57:05:461 --INFO -- 设备整机复位完成！
2022-06-13 21:57:08:229 --INFO -- 点击停止...
2022-06-13 21:57:08:229 --INFO -- 停止中...
2022-06-13 21:57:08:266 --INFO -- 已停止！
2022-06-13 21:57:57:934 --INFO -- 点击复位...
2022-06-13 21:57:59:943 --INFO -- 设备整机复位完成！
2022-06-13 21:58:02:825 --INFO -- 开始运行...
2022-06-13 21:58:05:209 --INFO -- 点击暂停...
2022-06-13 21:58:05:210 --INFO -- 暂停中...
2022-06-13 21:58:08:308 --INFO -- 开始运行...
2022-06-13 21:58:14:036 --INFO -- 点击暂停...
2022-06-13 21:58:14:036 --INFO -- 暂停中...
2022-06-13 21:58:32:158 --INFO -- 开始运行...
2022-06-13 21:58:36:107 --INFO -- 点击暂停...
2022-06-13 21:58:36:107 --INFO -- 暂停中...
2022-06-13 21:58:37:554 --INFO -- 开始运行...
2022-06-13 21:58:44:237 --INFO -- 点击停止...
2022-06-13 21:58:44:238 --INFO -- 停止中...
2022-06-13 21:58:44:249 --INFO -- 已停止！
2022-06-13 21:58:52:483 --INFO -- 点击复位...
2022-06-13 21:58:54:542 --INFO -- 设备整机复位完成！
2022-06-13 21:58:56:963 --INFO -- 开始运行...
2022-06-13 21:59:01:572 --INFO -- 点击停止...
2022-06-13 21:59:01:572 --INFO -- 停止中...
2022-06-13 21:59:01:590 --INFO -- 已停止！

 ----------------------application shutdown--------------------------

----------------------application startup--------------------------
2022-06-13 21:59:43:713 --INFO -- 软件启动成功！
2022-06-13 21:59:52:457 --INFO -- 点击复位...
2022-06-13 21:59:54:472 --INFO -- 设备整机复位完成！
2022-06-13 21:59:58:033 --INFO -- 开始运行...
2022-06-13 22:00:06:491 --INFO -- 点击停止...
2022-06-13 22:00:06:491 --INFO -- 停止中...
2022-06-13 22:00:06:513 --INFO -- 已停止！
2022-06-13 22:00:14:176 --INFO -- 点击复位...
2022-06-13 22:00:16:187 --INFO -- 设备整机复位完成！
2022-06-13 22:00:26:683 --INFO -- 开始运行...
2022-06-13 22:00:31:660 --INFO -- 点击停止...
2022-06-13 22:00:31:660 --INFO -- 停止中...
2022-06-13 22:00:31:672 --INFO -- 已停止！
2022-06-13 22:00:32:891 --INFO -- 点击复位...
2022-06-13 22:00:34:907 --INFO -- 设备整机复位完成！
2022-06-13 22:01:35:820 --INFO -- 点击停止...
2022-06-13 22:01:35:820 --INFO -- 停止中...
2022-06-13 22:01:35:834 --INFO -- 已停止！
2022-06-13 22:01:36:751 --INFO -- 点击复位...
2022-06-13 22:01:38:793 --INFO -- 设备整机复位完成！

 ----------------------application shutdown--------------------------

----------------------application startup--------------------------
2022-06-13 22:01:47:320 --INFO -- 软件启动成功！
2022-06-13 22:01:52:965 --INFO -- 点击复位...
2022-06-13 22:01:54:981 --INFO -- 设备整机复位完成！
2022-06-13 22:01:59:161 --INFO -- 开始运行...
2022-06-13 22:02:01:163 --INFO -- 点击停止...
2022-06-13 22:02:01:163 --INFO -- 停止中...
2022-06-13 22:02:01:184 --INFO -- 已停止！
2022-06-13 22:02:02:733 --INFO -- 点击复位...
2022-06-13 22:02:04:735 --INFO -- 设备整机复位完成！
2022-06-13 22:02:09:308 --INFO -- 开始运行...
2022-06-13 22:02:18:847 --INFO -- 点击暂停...
2022-06-13 22:02:18:847 --INFO -- 暂停中...
2022-06-13 22:02:20:338 --INFO -- 点击复位...
2022-06-13 22:02:21:753 --INFO -- 点击复位...
2022-06-13 22:02:25:466 --INFO -- 点击复位...
2022-06-13 22:02:27:003 --INFO -- 点击停止...
2022-06-13 22:02:27:004 --INFO -- 停止中...
2022-06-13 22:02:27:010 --INFO -- 已停止！
2022-06-13 22:02:31:952 --INFO -- 点击复位...
2022-06-13 22:02:33:965 --INFO -- 设备整机复位完成！
2022-06-13 22:02:37:196 --INFO -- 开始运行...
2022-06-13 22:02:43:536 --INFO -- 点击停止...
2022-06-13 22:02:43:536 --INFO -- 停止中...
2022-06-13 22:02:43:665 --INFO -- 已停止！
2022-06-13 22:02:45:681 --INFO -- 点击复位...
2022-06-13 22:02:47:691 --INFO -- 设备整机复位完成！
2022-06-13 22:02:51:861 --INFO -- 开始运行...
2022-06-13 22:02:57:207 --INFO -- 点击停止...
2022-06-13 22:02:57:207 --INFO -- 停止中...
2022-06-13 22:02:57:224 --INFO -- 已停止！
2022-06-13 22:03:04:140 --INFO -- 点击复位...
2022-06-13 22:03:06:151 --INFO -- 设备整机复位完成！
2022-06-13 22:03:21:784 --INFO -- 开始运行...
2022-06-13 22:03:40:352 --INFO -- 点击停止...
2022-06-13 22:03:40:352 --INFO -- 停止中...
2022-06-13 22:03:40:364 --INFO -- 已停止！
2022-06-13 22:03:47:736 --INFO -- 点击复位...
2022-06-13 22:03:49:743 --INFO -- 设备整机复位完成！
2022-06-13 22:03:52:159 --INFO -- 开始运行...
2022-06-13 22:03:55:939 --INFO -- 点击暂停...
2022-06-13 22:03:55:939 --INFO -- 暂停中...
2022-06-13 22:04:33:396 --INFO -- 点击复位...
2022-06-13 22:04:36:071 --INFO -- 点击停止...
2022-06-13 22:04:36:071 --INFO -- 停止中...
2022-06-13 22:04:36:077 --INFO -- 已停止！
2022-06-13 22:04:37:230 --INFO -- 点击复位...
2022-06-13 22:04:39:243 --INFO -- 设备整机复位完成！
2022-06-13 22:04:42:238 --INFO -- 开始运行...
2022-06-13 22:04:52:264 --INFO -- 点击停止...
2022-06-13 22:04:52:264 --INFO -- 停止中...
2022-06-13 22:04:52:276 --INFO -- 已停止！
2022-06-13 22:04:54:137 --INFO -- 点击复位...
2022-06-13 22:04:56:145 --INFO -- 设备整机复位完成！
2022-06-13 22:05:56:246 --INFO -- 开始运行...
2022-06-13 22:06:03:089 --INFO -- 点击暂停...
2022-06-13 22:06:03:089 --INFO -- 暂停中...
2022-06-13 22:06:05:551 --INFO -- 点击复位...
2022-06-13 22:06:09:690 --INFO -- 点击停止...
2022-06-13 22:06:09:690 --INFO -- 停止中...
2022-06-13 22:06:09:696 --INFO -- 已停止！
2022-06-13 22:06:11:148 --INFO -- 点击复位...
2022-06-13 22:06:13:151 --INFO -- 设备整机复位完成！
2022-06-13 22:06:43:183 --INFO -- 开始运行...
2022-06-13 22:06:52:664 --INFO -- 点击暂停...
2022-06-13 22:06:52:664 --INFO -- 暂停中...

 ----------------------application shutdown--------------------------

----------------------application startup--------------------------
2022-06-13 22:09:57:856 --INFO -- 软件启动成功！
2022-06-13 22:10:07:638 --INFO -- 点击复位...
2022-06-13 22:10:09:652 --INFO -- 设备整机复位完成！
2022-06-13 22:10:12:179 --INFO -- 开始运行...
2022-06-13 22:10:25:668 --INFO -- 点击停止...
2022-06-13 22:10:25:668 --INFO -- 停止中...
2022-06-13 22:10:25:681 --INFO -- 已停止！
2022-06-13 22:10:26:980 --INFO -- 点击复位...
2022-06-13 22:10:28:995 --INFO -- 设备整机复位完成！
2022-06-13 22:10:31:034 --INFO -- 开始运行...
2022-06-13 22:10:40:110 --INFO -- 点击停止...
2022-06-13 22:10:40:110 --INFO -- 停止中...
2022-06-13 22:10:40:122 --INFO -- 已停止！

 ----------------------application shutdown--------------------------

----------------------application startup--------------------------
2022-06-13 22:11:13:240 --INFO -- 软件启动成功！
2022-06-13 22:11:24:215 --INFO -- 点击复位...
2022-06-13 22:11:26:237 --INFO -- 设备整机复位完成！
2022-06-13 22:11:30:677 --INFO -- 开始运行...
2022-06-13 22:11:36:960 --INFO -- 点击暂停...
2022-06-13 22:11:36:960 --INFO -- 暂停中...
2022-06-13 22:12:54:428 --INFO -- 点击复位...
2022-06-13 22:12:56:667 --INFO -- 点击复位...
2022-06-13 22:12:57:116 --INFO -- 点击复位...
2022-06-13 22:12:57:343 --INFO -- 点击复位...
2022-06-13 22:12:57:678 --INFO -- 点击复位...
2022-06-13 22:12:58:407 --INFO -- 点击复位...
2022-06-13 22:12:58:860 --INFO -- 点击复位...
2022-06-13 22:12:59:088 --INFO -- 点击复位...
2022-06-13 22:12:59:322 --INFO -- 点击复位...
2022-06-13 22:12:59:532 --INFO -- 点击复位...
2022-06-13 22:12:59:735 --INFO -- 点击复位...
2022-06-13 22:12:59:929 --INFO -- 点击复位...
2022-06-13 22:13:00:141 --INFO -- 点击复位...
2022-06-13 22:13:00:354 --INFO -- 点击复位...
2022-06-13 22:13:00:540 --INFO -- 点击复位...
2022-06-13 22:13:00:734 --INFO -- 点击复位...
2022-06-13 22:13:00:953 --INFO -- 点击复位...
2022-06-13 22:13:01:146 --INFO -- 点击复位...
2022-06-13 22:13:01:354 --INFO -- 点击复位...
2022-06-13 22:13:04:187 --INFO -- 点击停止...
2022-06-13 22:13:04:188 --INFO -- 停止中...
2022-06-13 22:13:04:194 --INFO -- 已停止！
2022-06-13 22:13:05:992 --INFO -- 点击复位...
2022-06-13 22:13:07:997 --INFO -- 设备整机复位完成！
2022-06-13 22:14:21:802 --INFO -- 开始运行...
2022-06-13 22:14:28:761 --INFO -- 点击停止...
2022-06-13 22:14:28:761 --INFO -- 停止中...
2022-06-13 22:14:28:773 --INFO -- 已停止！
2022-06-13 22:14:29:742 --INFO -- 点击复位...
2022-06-13 22:14:31:840 --INFO -- 设备整机复位完成！

 ----------------------application shutdown--------------------------

----------------------application startup--------------------------
2022-06-13 22:14:41:833 --INFO -- 软件启动成功！
2022-06-13 22:15:03:917 --INFO -- 点击复位...
2022-06-13 22:15:03:920 --INFO -- 设备整机开始复位！
2022-06-13 22:15:05:933 --INFO -- 设备整机复位完成！
2022-06-13 22:15:09:809 --INFO -- 开始运行...
2022-06-13 22:15:14:119 --INFO -- 点击停止...
2022-06-13 22:15:14:119 --INFO -- 停止中...
2022-06-13 22:15:14:159 --INFO -- 已停止！
2022-06-13 22:15:21:769 --INFO -- 点击复位...
2022-06-13 22:15:21:773 --INFO -- 设备整机开始复位！
2022-06-13 22:15:23:775 --INFO -- 设备整机复位完成！
2022-06-13 22:15:26:012 --INFO -- 开始运行...
2022-06-13 22:15:36:492 --INFO -- 点击停止...
2022-06-13 22:15:36:492 --INFO -- 停止中...
2022-06-13 22:15:36:504 --INFO -- 已停止！
2022-06-13 22:15:38:009 --INFO -- 点击复位...
2022-06-13 22:15:38:018 --INFO -- 设备整机开始复位！
2022-06-13 22:15:40:020 --INFO -- 设备整机复位完成！
2022-06-13 22:15:42:992 --INFO -- 开始运行...
2022-06-13 22:15:47:582 --INFO -- 点击停止...
2022-06-13 22:15:47:582 --INFO -- 停止中...
2022-06-13 22:15:47:597 --INFO -- 已停止！
2022-06-13 22:16:12:533 --INFO -- 点击复位...
2022-06-13 22:16:12:535 --INFO -- 设备整机开始复位！
2022-06-13 22:16:14:542 --INFO -- 设备整机复位完成！

 ----------------------application shutdown--------------------------

----------------------application startup--------------------------
2022-06-13 22:26:41:616 --INFO -- 软件启动成功！
2022-06-13 22:26:53:490 --INFO -- 点击复位...
2022-06-13 22:26:53:497 --INFO -- 设备整机开始复位！
2022-06-13 22:26:55:511 --INFO -- 设备整机复位完成！
2022-06-13 22:26:59:768 --INFO -- 开始运行...

 ----------------------application shutdown--------------------------
