
----------------------application startup--------------------------
2022-06-09 08:08:47:649 --INFO -- 软件启动成功！

 ----------------------application shutdown--------------------------

----------------------application startup--------------------------
2022-06-09 08:17:00:917 --INFO -- 软件启动成功！

----------------------application startup--------------------------
2022-06-09 08:29:12:755 --INFO -- 软件启动成功！

 ----------------------application shutdown--------------------------

----------------------application startup--------------------------
2022-06-09 08:34:14:204 --INFO -- 软件启动成功！

----------------------application startup--------------------------
2022-06-09 09:17:25:372 --INFO -- 软件启动成功！

 ----------------------application shutdown--------------------------

----------------------application startup--------------------------
2022-06-09 09:25:58:662 --INFO -- 软件启动成功！

----------------------application startup--------------------------
2022-06-09 13:39:06:582 --INFO -- 软件启动成功！

 ----------------------application shutdown--------------------------

----------------------application startup--------------------------
2022-06-09 13:39:15:897 --INFO -- 软件启动成功！

 ----------------------application shutdown--------------------------

----------------------application startup--------------------------
2022-06-09 13:40:00:291 --INFO -- 软件启动成功！

 ----------------------application shutdown--------------------------

----------------------application startup--------------------------
2022-06-09 14:12:48:146 --INFO -- 软件启动成功！

----------------------application startup--------------------------
2022-06-09 14:26:58:925 --INFO -- 软件启动成功！

 ----------------------application shutdown--------------------------

----------------------application startup--------------------------
2022-06-09 14:27:57:748 --INFO -- 软件启动成功！

 ----------------------application shutdown--------------------------

----------------------application startup--------------------------
2022-06-09 14:33:30:843 --INFO -- 软件启动成功！

----------------------application startup--------------------------
2022-06-09 14:34:46:064 --INFO -- 软件启动成功！

 ----------------------application shutdown--------------------------

----------------------application startup--------------------------
2022-06-09 14:38:50:002 --INFO -- 软件启动成功！

----------------------application startup--------------------------
2022-06-09 14:39:25:801 --INFO -- 软件启动成功！

----------------------application startup--------------------------
2022-06-09 14:40:29:065 --INFO -- 软件启动成功！

 ----------------------application shutdown--------------------------

----------------------application startup--------------------------
2022-06-09 14:44:11:516 --INFO -- 软件启动成功！

----------------------application startup--------------------------
2022-06-09 14:48:57:928 --INFO -- 软件启动成功！

----------------------application startup--------------------------
2022-06-09 14:58:19:830 --INFO -- 软件启动成功！

 ----------------------application shutdown--------------------------

----------------------application startup--------------------------
2022-06-09 15:00:54:886 --INFO -- 软件启动成功！

 ----------------------application shutdown--------------------------

----------------------application startup--------------------------
2022-06-09 15:05:34:723 --INFO -- 软件启动成功！

 ----------------------application shutdown--------------------------

----------------------application startup--------------------------
2022-06-09 15:21:29:643 --INFO -- 软件启动成功！

----------------------application startup--------------------------
2022-06-09 15:25:31:407 --INFO -- 软件启动成功！

 ----------------------application shutdown--------------------------

----------------------application startup--------------------------
2022-06-09 15:27:51:455 --INFO -- 软件启动成功！

----------------------application startup--------------------------
2022-06-09 15:30:22:731 --INFO -- 软件启动成功！

----------------------application startup--------------------------
2022-06-09 15:32:46:656 --INFO -- 软件启动成功！

----------------------application startup--------------------------
2022-06-09 15:35:16:625 --INFO -- 软件启动成功！

----------------------application startup--------------------------
2022-06-09 15:38:13:387 --INFO -- 软件启动成功！
2022-06-09 15:39:23:759 --DEBUG-- 开始点动
2022-06-09 15:39:24:399 --DEBUG-- 轴停止
2022-06-09 15:39:24:958 --DEBUG-- 开始点动
2022-06-09 15:39:25:072 --DEBUG-- 轴停止
2022-06-09 15:39:26:286 --DEBUG-- 开始点动
2022-06-09 15:39:26:526 --DEBUG-- 轴停止
2022-06-09 15:39:26:822 --DEBUG-- 开始点动
2022-06-09 15:39:26:927 --DEBUG-- 轴停止
2022-06-09 15:39:28:623 --DEBUG-- 开始点动
2022-06-09 15:39:28:713 --DEBUG-- 轴停止
2022-06-09 15:39:33:831 --DEBUG-- 开始点动
2022-06-09 15:39:36:263 --DEBUG-- 轴停止
2022-06-09 15:39:57:606 --INFO -- 开始点动
2022-06-09 15:39:59:759 --INFO -- 轴停止

 ----------------------application shutdown--------------------------

----------------------application startup--------------------------
2022-06-09 15:40:18:596 --INFO -- 软件启动成功！
2022-06-09 15:40:20:994 --INFO -- 开始点动
2022-06-09 15:40:22:591 --INFO -- 轴停止
2022-06-09 15:40:23:375 --INFO -- 开始点动
2022-06-09 15:40:25:143 --INFO -- 轴停止
2022-06-09 15:40:25:951 --INFO -- 开始点动
2022-06-09 15:40:27:343 --INFO -- 轴停止
2022-06-09 15:40:28:062 --INFO -- 开始点动
2022-06-09 15:40:29:007 --INFO -- 轴停止
2022-06-09 15:40:29:858 --INFO -- 开始点动
2022-06-09 15:40:30:736 --INFO -- 轴停止
2022-06-09 15:40:31:447 --INFO -- 开始点动
2022-06-09 15:40:32:279 --INFO -- 轴停止
2022-06-09 15:40:32:831 --INFO -- 开始点动
2022-06-09 15:40:33:478 --INFO -- 轴停止

 ----------------------application shutdown--------------------------

----------------------application startup--------------------------
2022-06-09 15:43:45:050 --INFO -- 软件启动成功！

 ----------------------application shutdown--------------------------

----------------------application startup--------------------------
2022-06-09 15:49:08:605 --INFO -- 软件启动成功！
2022-06-09 15:49:11:314 --INFO -- 开始点动
2022-06-09 15:49:11:416 --INFO -- 轴停止
2022-06-09 15:49:15:888 --INFO -- 开始点动
2022-06-09 15:49:16:135 --INFO -- 轴停止

 ----------------------application shutdown--------------------------

----------------------application startup--------------------------
2022-06-09 15:50:53:326 --INFO -- 软件启动成功！

----------------------application startup--------------------------
2022-06-09 15:53:48:180 --INFO -- 软件启动成功！

----------------------application startup--------------------------
2022-06-09 15:54:22:510 --INFO -- 软件启动成功！

----------------------application startup--------------------------
2022-06-09 16:04:38:466 --INFO -- 软件启动成功！
2022-06-09 16:04:40:964 --INFO -- 开始点动
2022-06-09 16:04:41:026 --INFO -- 轴停止

 ----------------------application shutdown--------------------------

----------------------application startup--------------------------
2022-06-09 16:07:20:068 --INFO -- 软件启动成功！
2022-06-09 16:07:22:433 --INFO -- 开始点动
2022-06-09 16:07:22:554 --INFO -- 轴停止
2022-06-09 16:07:23:449 --INFO -- 开始点动
2022-06-09 16:07:23:536 --INFO -- 轴停止
2022-06-09 16:07:24:568 --INFO -- 开始点动
2022-06-09 16:07:24:665 --INFO -- 轴停止
2022-06-09 16:07:31:048 --INFO -- 开始点动
2022-06-09 16:07:31:154 --INFO -- 轴停止
2022-06-09 16:07:31:753 --INFO -- 开始点动
2022-06-09 16:07:31:859 --INFO -- 轴停止
2022-06-09 16:07:49:049 --INFO -- 开始点动
2022-06-09 16:07:49:184 --INFO -- 轴停止
2022-06-09 16:07:51:984 --INFO -- 开始点动
2022-06-09 16:07:52:080 --INFO -- 轴停止
2022-06-09 16:07:56:609 --INFO -- 开始点动
2022-06-09 16:07:56:681 --INFO -- 轴停止

 ----------------------application shutdown--------------------------

----------------------application startup--------------------------
2022-06-09 16:11:55:665 --INFO -- 软件启动成功！

----------------------application startup--------------------------
2022-06-09 16:12:53:529 --INFO -- 软件启动成功！

 ----------------------application shutdown--------------------------

----------------------application startup--------------------------
2022-06-09 16:14:03:907 --INFO -- 软件启动成功！
2022-06-09 16:14:15:682 --INFO -- 开始点动
2022-06-09 16:14:22:001 --INFO -- 开始点动

 ----------------------application shutdown--------------------------

----------------------application startup--------------------------
2022-06-09 16:22:30:755 --INFO -- 软件启动成功！

 ----------------------application shutdown--------------------------

----------------------application startup--------------------------
2022-06-09 16:23:20:551 --INFO -- 软件启动成功！

 ----------------------application shutdown--------------------------

----------------------application startup--------------------------
2022-06-09 16:34:35:503 --INFO -- 软件启动成功！
2022-06-09 16:35:31:699 --INFO -- 轴开始运动

----------------------application startup--------------------------
2022-06-09 16:37:17:958 --INFO -- 软件启动成功！
2022-06-09 16:37:20:742 --INFO -- 轴开始运动
2022-06-09 16:37:42:635 --INFO -- 轴开始运动
2022-06-09 16:37:42:772 --INFO -- 轴停止
2022-06-09 16:37:44:186 --INFO -- 轴开始运动
2022-06-09 16:37:44:299 --INFO -- 轴停止
2022-06-09 16:37:45:091 --INFO -- 轴开始运动
2022-06-09 16:37:45:195 --INFO -- 轴停止
2022-06-09 16:37:46:810 --INFO -- 轴开始运动
2022-06-09 16:37:46:916 --INFO -- 轴停止
2022-06-09 16:37:47:547 --INFO -- 轴开始运动
2022-06-09 16:37:47:635 --INFO -- 轴停止
2022-06-09 16:37:52:218 --INFO -- 轴开始运动
2022-06-09 16:37:52:355 --INFO -- 轴停止

----------------------application startup--------------------------
2022-06-09 18:55:09:470 --INFO -- 软件启动成功！

 ----------------------application shutdown--------------------------

----------------------application startup--------------------------
2022-06-09 18:59:38:835 --INFO -- 软件启动成功！

 ----------------------application shutdown--------------------------

----------------------application startup--------------------------
2022-06-09 19:24:53:331 --INFO -- 软件启动成功！

----------------------application startup--------------------------
2022-06-09 19:38:12:256 --INFO -- 软件启动成功！

 ----------------------application shutdown--------------------------
