
----------------------application startup--------------------------
2022-06-15 08:04:00:104 --INFO -- 软件启动成功！
2022-06-15 08:04:17:322 --INFO -- 点击复位...
2022-06-15 08:04:17:333 --INFO -- 设备整机开始复位！
2022-06-15 08:04:19:358 --INFO -- 设备整机复位完成！
2022-06-15 08:04:20:405 --INFO -- 开始运行...
2022-06-15 08:04:22:726 --INFO -- 点击停止...
2022-06-15 08:04:22:726 --INFO -- 停止中...
2022-06-15 08:04:44:706 --INFO -- 已停止！
2022-06-15 08:04:47:781 --INFO -- 点击复位...
2022-06-15 08:04:47:786 --INFO -- 设备整机开始复位！
2022-06-15 08:04:49:790 --INFO -- 设备整机复位完成！
2022-06-15 08:05:20:182 --INFO -- 开始运行...
2022-06-15 08:05:23:590 --INFO -- 点击停止...
2022-06-15 08:05:23:590 --INFO -- 停止中...
2022-06-15 08:05:26:012 --INFO -- 已停止！
2022-06-15 08:05:45:501 --INFO -- 点击复位...
2022-06-15 08:05:45:508 --INFO -- 设备整机开始复位！
2022-06-15 08:05:47:513 --INFO -- 设备整机复位完成！
2022-06-15 08:05:48:589 --INFO -- 开始运行...
2022-06-15 08:05:50:917 --INFO -- 点击停止...
2022-06-15 08:05:50:917 --INFO -- 停止中...
2022-06-15 08:06:02:349 --INFO -- 已停止！
2022-06-15 08:06:44:364 --INFO -- 点击复位...
2022-06-15 08:06:44:378 --INFO -- 设备整机开始复位！
2022-06-15 08:06:46:383 --INFO -- 设备整机复位完成！
2022-06-15 08:06:47:252 --INFO -- 开始运行...
2022-06-15 08:06:51:534 --INFO -- 点击停止...
2022-06-15 08:06:51:534 --INFO -- 停止中...
2022-06-15 08:07:15:860 --INFO -- 已停止！
2022-06-15 08:07:19:351 --INFO -- 点击复位...
2022-06-15 08:07:19:360 --INFO -- 设备整机开始复位！
2022-06-15 08:07:21:362 --INFO -- 设备整机复位完成！

 ----------------------application shutdown--------------------------

----------------------application startup--------------------------
2022-06-15 08:07:54:813 --INFO -- 软件启动成功！
2022-06-15 08:08:05:833 --INFO -- 点击复位...
2022-06-15 08:08:05:836 --INFO -- 设备整机开始复位！
2022-06-15 08:08:07:843 --INFO -- 设备整机复位完成！
2022-06-15 08:08:10:342 --INFO -- 开始运行...
2022-06-15 08:08:15:411 --ERROR-- 回动作位超时检查动作位传感器

 ----------------------application shutdown--------------------------

----------------------application startup--------------------------
2022-06-15 08:09:49:228 --INFO -- 软件启动成功！
2022-06-15 08:09:56:359 --INFO -- 点击复位...
2022-06-15 08:09:56:360 --INFO -- 设备整机开始复位！
2022-06-15 08:09:58:374 --INFO -- 设备整机复位完成！

 ----------------------application shutdown--------------------------

----------------------application startup--------------------------
2022-06-15 08:11:24:605 --INFO -- 软件启动成功！
2022-06-15 08:11:30:272 --INFO -- 点击复位...
2022-06-15 08:11:30:283 --INFO -- 设备整机开始复位！
2022-06-15 08:11:32:286 --INFO -- 设备整机复位完成！
2022-06-15 08:11:38:782 --INFO -- 开始运行...
2022-06-15 08:11:40:502 --INFO -- 点击停止...
2022-06-15 08:11:40:503 --INFO -- 停止中...
2022-06-15 08:11:46:283 --INFO -- 已停止！

 ----------------------application shutdown--------------------------

----------------------application startup--------------------------
2022-06-15 08:12:05:396 --INFO -- 软件启动成功！
2022-06-15 08:12:10:711 --INFO -- 点击复位...
2022-06-15 08:12:10:720 --INFO -- 设备整机开始复位！
2022-06-15 08:12:12:724 --INFO -- 设备整机复位完成！

 ----------------------application shutdown--------------------------

----------------------application startup--------------------------
2022-06-15 08:13:30:144 --INFO -- 软件启动成功！
2022-06-15 08:13:38:495 --INFO -- 点击复位...
2022-06-15 08:13:38:506 --INFO -- 设备整机开始复位！
2022-06-15 08:13:40:510 --INFO -- 设备整机复位完成！
2022-06-15 08:13:53:405 --INFO -- 开始运行...
2022-06-15 08:13:58:462 --ERROR-- 回动作位超时检查动作位传感器
2022-06-15 08:14:03:447 --INFO -- 点击复位...
2022-06-15 08:14:04:487 --INFO -- 开始运行...
2022-06-15 08:14:07:993 --ERROR-- 回动作位超时检查动作位传感器
2022-06-15 08:14:17:278 --INFO -- 点击复位...
2022-06-15 08:14:17:862 --INFO -- 开始运行...
2022-06-15 08:14:21:367 --ERROR-- 回动作位超时检查动作位传感器

 ----------------------application shutdown--------------------------

----------------------application startup--------------------------
2022-06-15 08:17:12:615 --INFO -- 软件启动成功！
2022-06-15 08:17:42:183 --INFO -- 点击复位...
2022-06-15 08:17:42:192 --INFO -- 设备整机开始复位！
2022-06-15 08:17:44:208 --INFO -- 设备整机复位完成！
2022-06-15 08:17:46:205 --INFO -- 开始运行...
2022-06-15 08:17:51:258 --ERROR-- 回动作位超时检查动作位传感器
2022-06-15 08:18:06:605 --INFO -- 点击复位...
2022-06-15 08:18:07:742 --INFO -- 开始运行...
2022-06-15 08:18:11:246 --ERROR-- 回动作位超时检查动作位传感器
2022-06-15 08:29:02:654 --INFO -- 点击复位...
2022-06-15 08:29:03:704 --INFO -- 开始运行...
2022-06-15 08:29:07:224 --ERROR-- 回动作位超时检查动作位传感器

 ----------------------application shutdown--------------------------

----------------------application startup--------------------------
2022-06-15 08:29:27:384 --INFO -- 软件启动成功！
2022-06-15 08:29:53:766 --INFO -- 点击复位...
2022-06-15 08:29:53:774 --INFO -- 设备整机开始复位！
2022-06-15 08:29:55:778 --INFO -- 设备整机复位完成！
2022-06-15 08:30:03:774 --INFO -- 开始运行...
2022-06-15 08:30:08:834 --ERROR-- 回动作位超时检查动作位传感器
2022-06-15 08:30:13:591 --INFO -- 点击复位...
2022-06-15 08:30:15:904 --INFO -- 开始运行...
2022-06-15 08:30:19:409 --ERROR-- 回动作位超时检查动作位传感器
2022-06-15 08:30:22:111 --INFO -- 点击停止...
2022-06-15 08:30:22:111 --INFO -- 停止中...
2022-06-15 08:30:22:118 --INFO -- 已停止！
2022-06-15 08:30:25:152 --INFO -- 点击复位...
2022-06-15 08:30:25:155 --INFO -- 设备整机开始复位！
2022-06-15 08:30:27:161 --INFO -- 设备整机复位完成！
2022-06-15 08:30:31:030 --INFO -- 开始运行...
2022-06-15 08:30:33:231 --INFO -- 点击停止...
2022-06-15 08:30:33:231 --INFO -- 停止中...
2022-06-15 08:30:34:683 --INFO -- 已停止！

 ----------------------application shutdown--------------------------

----------------------application startup--------------------------
2022-06-15 08:31:38:739 --INFO -- 软件启动成功！
2022-06-15 08:32:44:370 --INFO -- 点击复位...
2022-06-15 08:32:44:379 --INFO -- 设备整机开始复位！
2022-06-15 08:32:46:392 --INFO -- 设备整机复位完成！
2022-06-15 08:32:48:119 --INFO -- 开始运行...
2022-06-15 08:32:53:178 --ERROR-- 回动作位超时检查动作位传感器
2022-06-15 08:33:00:200 --INFO -- 点击复位...
2022-06-15 08:33:01:095 --INFO -- 开始运行...
2022-06-15 08:33:04:610 --ERROR-- 回动作位超时检查动作位传感器
2022-06-15 08:33:12:687 --INFO -- 点击复位...
2022-06-15 08:33:13:679 --INFO -- 开始运行...
2022-06-15 08:33:17:191 --ERROR-- 回动作位超时检查动作位传感器
2022-06-15 08:33:25:968 --INFO -- 点击复位...
2022-06-15 08:33:27:559 --INFO -- 开始运行...
2022-06-15 08:33:31:074 --ERROR-- 回动作位超时检查动作位传感器

 ----------------------application shutdown--------------------------

----------------------application startup--------------------------
2022-06-15 08:34:30:933 --INFO -- 软件启动成功！
2022-06-15 08:34:35:905 --INFO -- 点击复位...
2022-06-15 08:34:35:906 --INFO -- 设备整机开始复位！
2022-06-15 08:34:37:911 --INFO -- 设备整机复位完成！
2022-06-15 08:34:39:400 --INFO -- 开始运行...
2022-06-15 08:34:44:454 --ERROR-- 回动作位超时检查动作位传感器

 ----------------------application shutdown--------------------------

----------------------application startup--------------------------
2022-06-15 08:36:01:838 --INFO -- 软件启动成功！
2022-06-15 08:36:18:770 --INFO -- 点击复位...
2022-06-15 08:36:18:775 --INFO -- 设备整机开始复位！
2022-06-15 08:36:20:778 --INFO -- 设备整机复位完成！
2022-06-15 08:36:22:175 --INFO -- 开始运行...

 ----------------------application shutdown--------------------------

----------------------application startup--------------------------
2022-06-15 08:37:56:545 --INFO -- 软件启动成功！
2022-06-15 08:38:18:852 --INFO -- 点击复位...
2022-06-15 08:38:18:855 --INFO -- 设备整机开始复位！
2022-06-15 08:38:20:861 --INFO -- 设备整机复位完成！
2022-06-15 08:38:23:522 --INFO -- 开始运行...
2022-06-15 08:38:28:619 --ERROR-- 回动作位超时检查动作位传感器

 ----------------------application shutdown--------------------------

----------------------application startup--------------------------
2022-06-15 08:39:35:406 --INFO -- 软件启动成功！

 ----------------------application shutdown--------------------------

----------------------application startup--------------------------
2022-06-15 08:42:08:122 --INFO -- 软件启动成功！
2022-06-15 08:42:38:432 --INFO -- 点击复位...
2022-06-15 08:42:38:439 --INFO -- 设备整机开始复位！
2022-06-15 08:42:40:444 --INFO -- 设备整机复位完成！

 ----------------------application shutdown--------------------------

----------------------application startup--------------------------
2022-06-15 08:44:59:105 --INFO -- 软件启动成功！

 ----------------------application shutdown--------------------------

----------------------application startup--------------------------
2022-06-15 08:46:41:646 --INFO -- 软件启动成功！
2022-06-15 08:46:50:287 --INFO -- 点击复位...
2022-06-15 08:46:50:292 --INFO -- 设备整机开始复位！
2022-06-15 08:46:52:300 --INFO -- 设备整机复位完成！
2022-06-15 08:46:58:906 --INFO -- 开始运行...
2022-06-15 08:47:03:985 --ERROR-- 回动作位超时检查动作位传感器
2022-06-15 08:47:06:417 --INFO -- 点击停止...
2022-06-15 08:47:06:417 --INFO -- 停止中...
2022-06-15 08:47:06:424 --INFO -- 已停止！

 ----------------------application shutdown--------------------------

----------------------application startup--------------------------
2022-06-15 08:47:45:192 --INFO -- 软件启动成功！
2022-06-15 08:47:50:929 --INFO -- 点击复位...
2022-06-15 08:47:50:940 --INFO -- 设备整机开始复位！
2022-06-15 08:47:52:945 --INFO -- 设备整机复位完成！
2022-06-15 08:47:54:575 --INFO -- 开始运行...

----------------------application startup--------------------------
2022-06-15 08:48:39:889 --INFO -- 软件启动成功！
2022-06-15 08:48:44:603 --INFO -- 点击复位...
2022-06-15 08:48:44:612 --INFO -- 设备整机开始复位！
2022-06-15 08:48:46:614 --INFO -- 设备整机复位完成！
2022-06-15 08:48:47:610 --INFO -- 开始运行...
2022-06-15 08:48:52:674 --ERROR-- 回动作位超时检查动作位传感器
2022-06-15 08:49:32:290 --INFO -- 点击停止...
2022-06-15 08:49:32:290 --INFO -- 停止中...
2022-06-15 08:49:32:297 --INFO -- 已停止！
2022-06-15 08:49:34:449 --INFO -- 点击复位...
2022-06-15 08:49:34:461 --INFO -- 设备整机开始复位！
2022-06-15 08:49:36:462 --INFO -- 设备整机复位完成！
2022-06-15 08:49:37:810 --INFO -- 开始运行...
2022-06-15 08:49:42:863 --ERROR-- 回动作位超时检查动作位传感器

 ----------------------application shutdown--------------------------

----------------------application startup--------------------------
2022-06-15 08:50:27:573 --INFO -- 软件启动成功！

 ----------------------application shutdown--------------------------

----------------------application startup--------------------------
2022-06-15 08:51:03:307 --INFO -- 软件启动成功！

----------------------application startup--------------------------
2022-06-15 08:52:44:404 --INFO -- 软件启动成功！

 ----------------------application shutdown--------------------------

----------------------application startup--------------------------
2022-06-15 08:53:13:618 --INFO -- 软件启动成功！
2022-06-15 08:53:19:962 --INFO -- 点击复位...
2022-06-15 08:53:19:979 --INFO -- 设备整机开始复位！
2022-06-15 08:53:21:989 --INFO -- 设备整机复位完成！
2022-06-15 08:53:23:041 --INFO -- 开始运行...

----------------------application startup--------------------------
2022-06-15 09:00:15:788 --INFO -- 软件启动成功！
2022-06-15 09:00:18:598 --INFO -- 点击复位...
2022-06-15 09:00:18:609 --INFO -- 设备整机开始复位！
2022-06-15 09:00:20:633 --INFO -- 设备整机复位完成！
2022-06-15 09:00:21:905 --INFO -- 开始运行...

----------------------application startup--------------------------
2022-06-15 09:01:24:312 --INFO -- 软件启动成功！
2022-06-15 09:01:28:298 --INFO -- 点击复位...
2022-06-15 09:01:28:301 --INFO -- 设备整机开始复位！
2022-06-15 09:01:30:312 --INFO -- 设备整机复位完成！
2022-06-15 09:01:31:282 --INFO -- 开始运行...

 ----------------------application shutdown--------------------------

----------------------application startup--------------------------
2022-06-15 09:07:29:606 --INFO -- 软件启动成功！
2022-06-15 09:07:37:475 --INFO -- 点击复位...
2022-06-15 09:07:37:496 --INFO -- 设备整机开始复位！
2022-06-15 09:07:39:501 --INFO -- 设备整机复位完成！
2022-06-15 09:07:40:866 --INFO -- 开始运行...
2022-06-15 09:07:45:933 --ERROR-- 回动作位超时检查动作位传感器

 ----------------------application shutdown--------------------------

----------------------application startup--------------------------
2022-06-15 09:09:13:587 --INFO -- 软件启动成功！

 ----------------------application shutdown--------------------------

----------------------application startup--------------------------
2022-06-15 09:09:44:443 --INFO -- 软件启动成功！
2022-06-15 09:09:46:828 --INFO -- 点击复位...
2022-06-15 09:09:46:842 --INFO -- 设备整机开始复位！
2022-06-15 09:09:48:856 --INFO -- 设备整机复位完成！
2022-06-15 09:09:50:539 --INFO -- 开始运行...

----------------------application startup--------------------------
2022-06-15 09:17:24:995 --INFO -- 软件启动成功！
2022-06-15 09:17:27:996 --INFO -- 点击复位...
2022-06-15 09:17:28:015 --INFO -- 设备整机开始复位！
2022-06-15 09:17:30:035 --INFO -- 设备整机复位完成！
2022-06-15 09:17:31:513 --INFO -- 开始运行...
2022-06-15 09:17:36:574 --ERROR-- 回动作位超时检查动作位传感器

 ----------------------application shutdown--------------------------

----------------------application startup--------------------------
2022-06-15 09:17:55:428 --INFO -- 软件启动成功！
2022-06-15 09:17:58:307 --INFO -- 点击复位...
2022-06-15 09:17:58:313 --INFO -- 设备整机开始复位！
2022-06-15 09:18:00:317 --INFO -- 设备整机复位完成！
2022-06-15 09:18:00:778 --INFO -- 开始运行...
2022-06-15 09:18:05:855 --ERROR-- 回动作位超时检查动作位传感器
2022-06-15 09:18:38:761 --INFO -- 点击复位...
2022-06-15 09:18:39:466 --INFO -- 开始运行...
2022-06-15 09:18:45:793 --ERROR-- 回动作位超时检查动作位传感器
2022-06-15 09:19:03:307 --INFO -- 点击复位...
2022-06-15 09:19:03:908 --INFO -- 开始运行...
2022-06-15 09:19:15:639 --ERROR-- 回动作位超时检查动作位传感器
2022-06-15 09:19:23:410 --INFO -- 点击复位...
2022-06-15 09:19:24:194 --INFO -- 开始运行...
2022-06-15 09:19:34:059 --ERROR-- 回动作位超时检查动作位传感器

 ----------------------application shutdown--------------------------

----------------------application startup--------------------------
2022-06-15 09:21:02:286 --INFO -- 软件启动成功！
2022-06-15 09:21:06:891 --INFO -- 点击复位...
2022-06-15 09:21:06:898 --INFO -- 设备整机开始复位！
2022-06-15 09:21:08:904 --INFO -- 设备整机复位完成！
2022-06-15 09:21:10:211 --INFO -- 开始运行...
2022-06-15 09:21:15:270 --ERROR-- 回动作位超时检查动作位传感器
2022-06-15 09:21:19:873 --INFO -- 点击复位...
2022-06-15 09:21:28:825 --INFO -- 开始运行...
2022-06-15 09:21:32:334 --ERROR-- 回动作位超时检查动作位传感器

 ----------------------application shutdown--------------------------

----------------------application startup--------------------------
2022-06-15 09:30:27:336 --INFO -- 软件启动成功！

 ----------------------application shutdown--------------------------

----------------------application startup--------------------------
2022-06-15 09:30:49:020 --ERROR-- 安全门打开...
2022-06-15 09:30:49:270 --INFO -- 软件启动成功！

 ----------------------application shutdown--------------------------

----------------------application startup--------------------------
2022-06-15 09:33:24:942 --ERROR-- 安全门打开...
2022-06-15 09:33:25:187 --INFO -- 软件启动成功！
2022-06-15 09:33:34:262 --INFO -- 点击停止...
2022-06-15 09:33:34:262 --INFO -- 停止中...
2022-06-15 09:33:34:262 --INFO -- 已停止！
2022-06-15 09:33:34:265 --ERROR-- 安全门打开...
2022-06-15 09:33:36:699 --INFO -- 点击停止...
2022-06-15 09:33:36:699 --INFO -- 停止中...
2022-06-15 09:33:36:699 --INFO -- 已停止！
2022-06-15 09:33:36:709 --ERROR-- 安全门打开...
2022-06-15 09:33:37:627 --INFO -- 点击停止...
2022-06-15 09:33:37:627 --INFO -- 停止中...
2022-06-15 09:33:37:627 --INFO -- 已停止！
2022-06-15 09:33:37:630 --ERROR-- 安全门打开...
2022-06-15 09:33:38:340 --INFO -- 点击停止...
2022-06-15 09:33:38:340 --INFO -- 停止中...
2022-06-15 09:33:38:340 --INFO -- 已停止！
2022-06-15 09:33:38:349 --ERROR-- 安全门打开...
2022-06-15 09:33:38:812 --INFO -- 点击停止...
2022-06-15 09:33:38:812 --INFO -- 停止中...
2022-06-15 09:33:38:812 --INFO -- 已停止！
2022-06-15 09:33:38:821 --ERROR-- 安全门打开...
2022-06-15 09:33:39:021 --INFO -- 点击停止...
2022-06-15 09:33:39:021 --INFO -- 停止中...
2022-06-15 09:33:39:021 --INFO -- 已停止！
2022-06-15 09:33:39:024 --ERROR-- 安全门打开...
2022-06-15 09:33:39:209 --INFO -- 点击停止...
2022-06-15 09:33:39:209 --INFO -- 停止中...
2022-06-15 09:33:39:209 --INFO -- 已停止！
2022-06-15 09:33:39:219 --ERROR-- 安全门打开...
2022-06-15 09:33:39:411 --INFO -- 点击停止...
2022-06-15 09:33:39:412 --INFO -- 停止中...
2022-06-15 09:33:39:412 --INFO -- 已停止！
2022-06-15 09:33:39:412 --ERROR-- 安全门打开...
2022-06-15 09:33:39:618 --INFO -- 点击停止...
2022-06-15 09:33:39:618 --INFO -- 停止中...
2022-06-15 09:33:39:618 --INFO -- 已停止！
2022-06-15 09:33:39:626 --ERROR-- 安全门打开...
2022-06-15 09:33:39:812 --INFO -- 点击停止...
2022-06-15 09:33:39:812 --INFO -- 停止中...
2022-06-15 09:33:39:812 --INFO -- 已停止！
2022-06-15 09:33:39:819 --ERROR-- 安全门打开...
2022-06-15 09:33:40:012 --INFO -- 点击停止...
2022-06-15 09:33:40:012 --INFO -- 停止中...
2022-06-15 09:33:40:012 --INFO -- 已停止！
2022-06-15 09:33:40:023 --ERROR-- 安全门打开...
2022-06-15 09:33:40:212 --INFO -- 点击停止...
2022-06-15 09:33:40:212 --INFO -- 停止中...
2022-06-15 09:33:40:212 --INFO -- 已停止！
2022-06-15 09:33:40:217 --ERROR-- 安全门打开...
2022-06-15 09:33:40:436 --INFO -- 点击停止...
2022-06-15 09:33:40:436 --INFO -- 停止中...
2022-06-15 09:33:40:436 --INFO -- 已停止！
2022-06-15 09:33:40:438 --ERROR-- 安全门打开...
2022-06-15 09:33:40:627 --INFO -- 点击停止...
2022-06-15 09:33:40:627 --INFO -- 停止中...
2022-06-15 09:33:40:627 --INFO -- 已停止！
2022-06-15 09:33:40:632 --ERROR-- 安全门打开...
2022-06-15 09:33:40:827 --INFO -- 点击停止...
2022-06-15 09:33:40:827 --INFO -- 停止中...
2022-06-15 09:33:40:827 --INFO -- 已停止！
2022-06-15 09:33:40:835 --ERROR-- 安全门打开...
2022-06-15 09:33:41:018 --INFO -- 点击停止...
2022-06-15 09:33:41:018 --INFO -- 停止中...
2022-06-15 09:33:41:018 --INFO -- 已停止！
2022-06-15 09:33:41:019 --ERROR-- 安全门打开...
2022-06-15 09:33:41:220 --INFO -- 点击停止...
2022-06-15 09:33:41:220 --INFO -- 停止中...
2022-06-15 09:33:41:220 --INFO -- 已停止！
2022-06-15 09:33:41:223 --ERROR-- 安全门打开...
2022-06-15 09:33:41:402 --INFO -- 点击停止...
2022-06-15 09:33:41:402 --INFO -- 停止中...
2022-06-15 09:33:41:402 --INFO -- 已停止！
2022-06-15 09:33:41:406 --ERROR-- 安全门打开...
2022-06-15 09:33:41:610 --INFO -- 点击停止...
2022-06-15 09:33:41:610 --INFO -- 停止中...
2022-06-15 09:33:41:610 --INFO -- 已停止！
2022-06-15 09:33:41:620 --ERROR-- 安全门打开...
2022-06-15 09:33:41:822 --INFO -- 点击停止...
2022-06-15 09:33:41:822 --INFO -- 停止中...
2022-06-15 09:33:41:822 --INFO -- 已停止！
2022-06-15 09:33:41:826 --ERROR-- 安全门打开...
2022-06-15 09:33:41:994 --INFO -- 点击停止...
2022-06-15 09:33:41:994 --INFO -- 停止中...
2022-06-15 09:33:41:994 --INFO -- 已停止！
2022-06-15 09:33:41:997 --ERROR-- 安全门打开...
2022-06-15 09:34:18:615 --INFO -- 点击停止...
2022-06-15 09:34:18:615 --INFO -- 停止中...
2022-06-15 09:34:18:615 --INFO -- 已停止！
2022-06-15 09:34:25:259 --ERROR-- 安全门打开...

 ----------------------application shutdown--------------------------

----------------------application startup--------------------------
2022-06-15 09:35:44:695 --INFO -- 软件启动成功！
2022-06-15 09:35:54:190 --INFO -- 点击复位...
2022-06-15 09:35:54:192 --INFO -- 设备整机开始复位！
2022-06-15 09:35:56:200 --INFO -- 设备整机复位完成！
2022-06-15 09:35:58:726 --INFO -- 开始运行...
2022-06-15 09:36:01:804 --INFO -- 点击停止...
2022-06-15 09:36:01:804 --INFO -- 停止中...
2022-06-15 09:36:03:223 --INFO -- 已停止！

----------------------application startup--------------------------
2022-06-15 09:36:48:005 --INFO -- 软件启动成功！
2022-06-15 09:36:59:366 --INFO -- 点击复位...
2022-06-15 09:36:59:372 --INFO -- 设备整机开始复位！
2022-06-15 09:37:01:376 --INFO -- 设备整机复位完成！

----------------------application startup--------------------------
2022-06-15 09:39:13:144 --INFO -- 软件启动成功！

----------------------application startup--------------------------
2022-06-15 09:45:24:799 --INFO -- 软件启动成功！
2022-06-15 09:46:01:704 --INFO -- 点击复位...
2022-06-15 09:46:01:708 --INFO -- 设备整机开始复位！
2022-06-15 09:46:03:726 --INFO -- 设备整机复位完成！
2022-06-15 09:49:04:420 --INFO -- 点击停止...
2022-06-15 09:49:04:420 --INFO -- 停止中...
2022-06-15 09:49:04:439 --INFO -- 已停止！
2022-06-15 09:49:29:428 --INFO -- 点击复位...
2022-06-15 09:49:29:433 --INFO -- 设备整机开始复位！
2022-06-15 09:49:31:438 --INFO -- 设备整机复位完成！
2022-06-15 09:49:32:419 --INFO -- 开始运行...
2022-06-15 09:49:37:455 --ERROR-- 回动作位超时检查动作位传感器
2022-06-15 09:49:48:509 --INFO -- 点击复位...
2022-06-15 09:49:49:500 --INFO -- 开始运行...
2022-06-15 09:49:53:005 --ERROR-- 回动作位超时检查动作位传感器
2022-06-15 09:49:57:123 --INFO -- 点击停止...
2022-06-15 09:49:57:123 --INFO -- 停止中...
2022-06-15 09:49:57:135 --INFO -- 已停止！
2022-06-15 09:49:59:406 --INFO -- 点击复位...
2022-06-15 09:49:59:411 --INFO -- 设备整机开始复位！
2022-06-15 09:50:01:417 --INFO -- 设备整机复位完成！
2022-06-15 09:50:02:708 --INFO -- 开始运行...
2022-06-15 09:50:07:799 --ERROR-- 回动作位超时检查动作位传感器
2022-06-15 09:52:03:859 --INFO -- 点击复位...
2022-06-15 09:52:04:917 --INFO -- 开始运行...
2022-06-15 09:52:08:434 --ERROR-- 回动作位超时检查动作位传感器

----------------------application startup--------------------------
2022-06-15 10:38:09:329 --INFO -- 软件启动成功！
2022-06-15 10:38:14:081 --INFO -- 点击复位...
2022-06-15 10:38:14:103 --INFO -- 设备整机开始复位！
2022-06-15 10:38:16:123 --INFO -- 设备整机复位完成！
2022-06-15 10:38:17:162 --INFO -- 开始运行...
2022-06-15 10:38:22:268 --ERROR-- 回动作位超时检查动作位传感器

 ----------------------application shutdown--------------------------

----------------------application startup--------------------------
2022-06-15 10:38:38:752 --INFO -- 软件启动成功！

 ----------------------application shutdown--------------------------

----------------------application startup--------------------------
2022-06-15 10:41:11:546 --INFO -- 软件启动成功！

 ----------------------application shutdown--------------------------

----------------------application startup--------------------------
2022-06-15 10:42:10:581 --INFO -- 软件启动成功！

----------------------application startup--------------------------
2022-06-15 10:43:30:841 --INFO -- 软件启动成功！

 ----------------------application shutdown--------------------------

----------------------application startup--------------------------
2022-06-15 10:44:45:306 --INFO -- 软件启动成功！
2022-06-15 10:44:50:403 --INFO -- 点击复位...
2022-06-15 10:44:50:421 --INFO -- 设备整机开始复位！
2022-06-15 10:44:52:424 --INFO -- 设备整机复位完成！
2022-06-15 10:44:53:055 --INFO -- 开始运行...
2022-06-15 10:44:58:100 --ERROR-- 回动作位超时检查动作位传感器
2022-06-15 10:45:01:816 --INFO -- 点击复位...
2022-06-15 10:45:02:600 --INFO -- 开始运行...
2022-06-15 10:45:06:107 --ERROR-- 回动作位超时检查动作位传感器

 ----------------------application shutdown--------------------------

----------------------application startup--------------------------
2022-06-15 10:46:36:105 --INFO -- 软件启动成功！

 ----------------------application shutdown--------------------------

----------------------application startup--------------------------
2022-06-15 10:46:54:106 --INFO -- 软件启动成功！

----------------------application startup--------------------------
2022-06-15 10:47:07:785 --INFO -- 软件启动成功！

 ----------------------application shutdown--------------------------

----------------------application startup--------------------------
2022-06-15 10:47:27:216 --INFO -- 软件启动成功！
2022-06-15 10:49:05:777 --INFO -- 点击复位...
2022-06-15 10:49:05:787 --INFO -- 设备整机开始复位！
2022-06-15 10:49:07:796 --INFO -- 设备整机复位完成！
2022-06-15 10:49:09:080 --INFO -- 开始运行...
2022-06-15 10:49:10:704 --INFO -- 点击停止...
2022-06-15 10:49:10:704 --INFO -- 停止中...
2022-06-15 10:49:12:099 --INFO -- 已停止！

 ----------------------application shutdown--------------------------

----------------------application startup--------------------------
2022-06-15 10:50:11:218 --INFO -- 软件启动成功！
2022-06-15 10:50:13:292 --INFO -- 点击复位...
2022-06-15 10:50:13:297 --INFO -- 设备整机开始复位！
2022-06-15 10:50:15:307 --INFO -- 设备整机复位完成！
2022-06-15 10:50:17:240 --INFO -- 开始运行...
2022-06-15 10:50:18:608 --INFO -- 点击停止...
2022-06-15 10:50:18:608 --INFO -- 停止中...
2022-06-15 10:50:18:803 --INFO -- 已停止！
2022-06-15 10:50:21:017 --INFO -- 点击复位...
2022-06-15 10:50:21:020 --INFO -- 设备整机开始复位！
2022-06-15 10:50:23:021 --INFO -- 设备整机复位完成！
2022-06-15 10:50:24:305 --INFO -- 开始运行...
2022-06-15 10:50:26:529 --INFO -- 点击停止...
2022-06-15 10:50:26:529 --INFO -- 停止中...
2022-06-15 10:50:28:382 --INFO -- 已停止！
2022-06-15 10:50:31:376 --INFO -- 点击复位...
2022-06-15 10:50:31:380 --INFO -- 设备整机开始复位！
2022-06-15 10:50:33:382 --INFO -- 设备整机复位完成！
2022-06-15 10:51:02:289 --INFO -- 开始运行...
2022-06-15 10:51:04:242 --INFO -- 点击停止...
2022-06-15 10:51:04:242 --INFO -- 停止中...
2022-06-15 10:51:05:477 --INFO -- 已停止！
2022-06-15 10:51:29:591 --INFO -- 点击复位...
2022-06-15 10:51:29:598 --INFO -- 设备整机开始复位！
2022-06-15 10:51:31:608 --INFO -- 设备整机复位完成！
2022-06-15 10:51:35:372 --INFO -- 开始运行...
2022-06-15 10:51:38:049 --INFO -- 点击停止...
2022-06-15 10:51:38:049 --INFO -- 停止中...

----------------------application startup--------------------------
2022-06-15 10:52:23:497 --INFO -- 软件启动成功！
2022-06-15 10:52:33:132 --INFO -- 点击复位...
2022-06-15 10:52:33:141 --INFO -- 设备整机开始复位！
2022-06-15 10:52:35:146 --INFO -- 设备整机复位完成！
2022-06-15 10:52:37:162 --INFO -- 开始运行...
2022-06-15 10:52:39:496 --INFO -- 点击停止...
2022-06-15 10:52:39:496 --INFO -- 停止中...
2022-06-15 10:52:44:439 --INFO -- 已停止！

 ----------------------application shutdown--------------------------

----------------------application startup--------------------------
2022-06-15 19:43:15:736 --INFO -- 软件启动成功！
2022-06-15 19:43:21:373 --INFO -- 点击复位...
2022-06-15 19:43:21:382 --INFO -- 设备整机开始复位！
2022-06-15 19:43:23:387 --INFO -- 设备整机复位完成！
2022-06-15 19:43:24:956 --INFO -- 开始运行...
2022-06-15 19:43:29:996 --ERROR-- 回动作位超时检查动作位传感器
2022-06-15 19:43:34:595 --INFO -- 点击复位...
2022-06-15 19:43:35:709 --INFO -- 开始运行...
2022-06-15 19:43:39:217 --ERROR-- 回动作位超时检查动作位传感器
2022-06-15 19:45:14:459 --INFO -- 点击停止...
2022-06-15 19:45:14:459 --INFO -- 停止中...
2022-06-15 19:45:14:462 --INFO -- 已停止！

----------------------application startup--------------------------
2022-06-15 19:46:23:817 --INFO -- 软件启动成功！
2022-06-15 19:46:43:984 --INFO -- 点击复位...
2022-06-15 19:46:43:995 --INFO -- 设备整机开始复位！
2022-06-15 19:46:45:998 --INFO -- 设备整机复位完成！
2022-06-15 19:46:47:420 --INFO -- 开始运行...
2022-06-15 19:46:52:452 --ERROR-- 回动作位超时检查动作位传感器
2022-06-15 19:47:00:846 --INFO -- 点击停止...
2022-06-15 19:47:00:846 --INFO -- 停止中...
2022-06-15 19:47:00:854 --INFO -- 已停止！
2022-06-15 19:47:02:948 --INFO -- 点击复位...
2022-06-15 19:47:02:959 --INFO -- 设备整机开始复位！
2022-06-15 19:47:04:962 --INFO -- 设备整机复位完成！
2022-06-15 19:47:18:254 --INFO -- 开始运行...
2022-06-15 19:47:23:290 --ERROR-- 回动作位超时检查动作位传感器
2022-06-15 19:48:02:411 --INFO -- 点击复位...
2022-06-15 19:48:03:291 --INFO -- 开始运行...
2022-06-15 19:48:06:798 --ERROR-- 回动作位超时检查动作位传感器

 ----------------------application shutdown--------------------------
