
----------------------application startup--------------------------
2022-06-14 08:06:36:206 --INFO -- 点击停止...
2022-06-14 08:06:36:215 --INFO -- 停止中...
2022-06-14 08:06:36:383 --INFO -- 已停止！
2022-06-14 08:06:37:740 --INFO -- 点击复位...
2022-06-14 08:06:37:747 --INFO -- 设备整机开始复位！
2022-06-14 08:06:39:761 --INFO -- 设备整机复位完成！

----------------------application startup--------------------------
2022-06-14 08:21:13:374 --INFO -- 软件启动成功！
2022-06-14 08:21:29:011 --INFO -- 点击复位...
2022-06-14 08:21:29:013 --INFO -- 设备整机开始复位！
2022-06-14 08:21:31:021 --INFO -- 设备整机复位完成！
2022-06-14 08:21:32:881 --INFO -- 开始运行...
2022-06-14 08:21:34:600 --INFO -- 点击暂停...
2022-06-14 08:21:34:600 --INFO -- 暂停中...
2022-06-14 08:21:36:230 --INFO -- 开始运行...
2022-06-14 08:21:38:039 --INFO -- 点击暂停...
2022-06-14 08:21:38:039 --INFO -- 暂停中...
2022-06-14 08:21:39:817 --INFO -- 点击停止...
2022-06-14 08:21:39:817 --INFO -- 停止中...
2022-06-14 08:21:39:823 --INFO -- 已停止！
2022-06-14 08:21:41:289 --INFO -- 点击复位...
2022-06-14 08:21:41:297 --INFO -- 设备整机开始复位！
2022-06-14 08:21:43:298 --INFO -- 设备整机复位完成！

 ----------------------application shutdown--------------------------

----------------------application startup--------------------------
2022-06-14 09:07:09:982 --INFO -- 软件启动成功！
2022-06-14 09:07:21:878 --INFO -- 点击复位...
2022-06-14 09:07:21:880 --INFO -- 设备整机开始复位！
2022-06-14 09:07:23:897 --INFO -- 设备整机复位完成！
2022-06-14 09:07:28:539 --INFO -- 开始运行...
2022-06-14 09:07:30:706 --INFO -- 点击暂停...
2022-06-14 09:07:30:706 --INFO -- 暂停中...
2022-06-14 09:07:34:746 --INFO -- 开始运行...
2022-06-14 09:07:36:698 --INFO -- 点击暂停...
2022-06-14 09:07:36:698 --INFO -- 暂停中...
2022-06-14 09:07:38:164 --INFO -- 开始运行...
2022-06-14 09:07:42:394 --INFO -- 点击暂停...
2022-06-14 09:07:42:394 --INFO -- 暂停中...
2022-06-14 09:07:43:531 --INFO -- 点击复位...
2022-06-14 09:07:44:618 --INFO -- 点击复位...
2022-06-14 09:07:47:452 --INFO -- 点击停止...
2022-06-14 09:07:47:452 --INFO -- 停止中...
2022-06-14 09:07:47:460 --INFO -- 已停止！
2022-06-14 09:07:49:981 --INFO -- 点击复位...
2022-06-14 09:07:49:985 --INFO -- 设备整机开始复位！
2022-06-14 09:07:51:999 --INFO -- 设备整机复位完成！

----------------------application startup--------------------------
2022-06-14 13:19:37:145 --INFO -- 软件启动成功！

 ----------------------application shutdown--------------------------

----------------------application startup--------------------------
2022-06-14 13:21:19:266 --INFO -- 软件启动成功！

----------------------application startup--------------------------
2022-06-14 13:22:41:571 --INFO -- 软件启动成功！

 ----------------------application shutdown--------------------------

----------------------application startup--------------------------
2022-06-14 13:25:31:296 --INFO -- 软件启动成功！

 ----------------------application shutdown--------------------------

----------------------application startup--------------------------
2022-06-14 13:27:53:868 --INFO -- 软件启动成功！

 ----------------------application shutdown--------------------------

----------------------application startup--------------------------
2022-06-14 13:35:57:482 --INFO -- 软件启动成功！

----------------------application startup--------------------------
2022-06-14 13:36:31:772 --INFO -- 软件启动成功！

 ----------------------application shutdown--------------------------

----------------------application startup--------------------------
2022-06-14 13:36:47:451 --INFO -- 软件启动成功！

 ----------------------application shutdown--------------------------

----------------------application startup--------------------------
2022-06-14 13:37:11:274 --INFO -- 软件启动成功！

----------------------application startup--------------------------
2022-06-14 13:38:11:142 --INFO -- 软件启动成功！

 ----------------------application shutdown--------------------------

----------------------application startup--------------------------
2022-06-14 13:45:52:823 --ERROR-- 捕获未处理异常:System.Exception: GtsIOCard GetDI Exception:   在 gts.mc.GT_GetDi(Int16 cardNum, Int16 diType, Int32& pValue)
   在 PlugIOCard.GTS.GtsIOCard.GetDI(Int32 port, Int32 group) 位置 C:\Users\zhangyong\Desktop\2022项目暂放\运动控制框架研发\Tanac.Master\Plugin\固高\PlugIOCard.GTS\GtsIOCard.cs:行号 45
   在 PlugIOCard.GTS.GtsIOCard.GetDI(Int32 port, Int32 group) 位置 C:\Users\zhangyong\Desktop\2022项目暂放\运动控制框架研发\Tanac.Master\Plugin\固高\PlugIOCard.GTS\GtsIOCard.cs:行号 53
   在 Tanac.Master.Services.Machine.MachineInit() 位置 C:\Users\zhangyong\Desktop\2022项目暂放\运动控制框架研发\Tanac.Master\Tanac.Master\Machine.cs:行号 65
   在 Tanac.Master.ViewModel.StartWindowModel.ReadSysConfig() 位置 C:\Users\zhangyong\Desktop\2022项目暂放\运动控制框架研发\Tanac.Master\Tanac.Master\ViewModel\StartWindowModel.cs:行号 61
   在 Tanac.Master.ViewModel.StartWindowModel.CheckIn() 位置 C:\Users\zhangyong\Desktop\2022项目暂放\运动控制框架研发\Tanac.Master\Tanac.Master\ViewModel\StartWindowModel.cs:行号 37
   在 Tanac.Master.App.OnStartup(StartupEventArgs e) 位置 C:\Users\zhangyong\Desktop\2022项目暂放\运动控制框架研发\Tanac.Master\Tanac.Master\App.xaml.cs:行号 84
   在 System.Windows.Application.<.ctor>b__1_0(Object unused)
   在 System.Windows.Threading.ExceptionWrapper.InternalRealCall(Delegate callback, Object args, Int32 numArgs)
   在 System.Windows.Threading.ExceptionWrapper.TryCatchWhen(Object source, Delegate callback, Object args, Int32 numArgs, Delegate catchHandler)

 ----------------------application shutdown--------------------------

----------------------application startup--------------------------
2022-06-14 15:07:35:701 --INFO -- 软件启动成功！

 ----------------------application shutdown--------------------------

----------------------application startup--------------------------
2022-06-14 15:07:56:126 --INFO -- 软件启动成功！

 ----------------------application shutdown--------------------------

----------------------application startup--------------------------
2022-06-14 15:08:43:583 --INFO -- 软件启动成功！

 ----------------------application shutdown--------------------------

----------------------application startup--------------------------
2022-06-14 15:32:13:795 --INFO -- 软件启动成功！

 ----------------------application shutdown--------------------------

----------------------application startup--------------------------
2022-06-14 15:34:32:382 --INFO -- 软件启动成功！
2022-06-14 15:34:38:833 --INFO -- 点击复位...
2022-06-14 15:34:38:842 --INFO -- 设备整机开始复位！
2022-06-14 15:34:40:846 --INFO -- 设备整机复位完成！
2022-06-14 15:34:42:909 --INFO -- 开始运行...

 ----------------------application shutdown--------------------------

----------------------application startup--------------------------
2022-06-14 15:35:01:490 --INFO -- 软件启动成功！

 ----------------------application shutdown--------------------------

----------------------application startup--------------------------
2022-06-14 15:35:46:681 --INFO -- 软件启动成功！

 ----------------------application shutdown--------------------------

----------------------application startup--------------------------
2022-06-14 15:36:23:749 --INFO -- 软件启动成功！

 ----------------------application shutdown--------------------------

----------------------application startup--------------------------
2022-06-14 15:37:08:640 --INFO -- 软件启动成功！

 ----------------------application shutdown--------------------------

----------------------application startup--------------------------
2022-06-14 15:37:42:124 --INFO -- 软件启动成功！

 ----------------------application shutdown--------------------------

----------------------application startup--------------------------
2022-06-14 15:37:59:952 --INFO -- 软件启动成功！

 ----------------------application shutdown--------------------------

----------------------application startup--------------------------
2022-06-14 15:42:41:769 --INFO -- 软件启动成功！

 ----------------------application shutdown--------------------------

----------------------application startup--------------------------
2022-06-14 16:27:34:058 --INFO -- 软件启动成功！
2022-06-14 16:27:36:578 --INFO -- 点击复位...
2022-06-14 16:27:36:585 --INFO -- 设备整机开始复位！
2022-06-14 16:27:38:588 --INFO -- 设备整机复位完成！
2022-06-14 16:27:40:663 --INFO -- 开始运行...
2022-06-14 16:28:12:209 --INFO -- 点击复位...
2022-06-14 16:28:13:528 --INFO -- 开始运行...
2022-06-14 16:28:39:671 --INFO -- 点击复位...
2022-06-14 16:28:42:345 --INFO -- 开始运行...
2022-06-14 16:28:57:413 --INFO -- 点击复位...
2022-06-14 16:28:58:601 --INFO -- 开始运行...
2022-06-14 16:29:10:512 --INFO -- 点击复位...
2022-06-14 16:29:11:826 --INFO -- 点击停止...
2022-06-14 16:29:11:827 --INFO -- 停止中...
2022-06-14 16:29:11:835 --INFO -- 已停止！
2022-06-14 16:29:12:680 --INFO -- 点击复位...
2022-06-14 16:29:12:686 --INFO -- 设备整机开始复位！
2022-06-14 16:29:14:686 --INFO -- 设备整机复位完成！
2022-06-14 16:29:32:442 --INFO -- 点击停止...
2022-06-14 16:29:32:442 --INFO -- 停止中...
2022-06-14 16:29:32:448 --INFO -- 已停止！
2022-06-14 16:29:34:521 --INFO -- 点击复位...
2022-06-14 16:29:34:530 --INFO -- 设备整机开始复位！
2022-06-14 16:29:36:531 --INFO -- 设备整机复位完成！

 ----------------------application shutdown--------------------------

----------------------application startup--------------------------
2022-06-14 16:30:18:668 --INFO -- 软件启动成功！
2022-06-14 16:30:23:167 --INFO -- 点击复位...
2022-06-14 16:30:23:175 --INFO -- 设备整机开始复位！
2022-06-14 16:30:25:177 --INFO -- 设备整机复位完成！
2022-06-14 16:30:30:225 --INFO -- 开始运行...
2022-06-14 16:30:44:058 --INFO -- 点击复位...
2022-06-14 16:30:45:457 --INFO -- 开始运行...
2022-06-14 16:31:04:992 --INFO -- 点击复位...
2022-06-14 16:31:07:459 --INFO -- 开始运行...

 ----------------------application shutdown--------------------------

----------------------application startup--------------------------
2022-06-14 16:35:46:865 --INFO -- 软件启动成功！
2022-06-14 16:35:48:548 --INFO -- 点击复位...
2022-06-14 16:35:48:549 --INFO -- 设备整机开始复位！
2022-06-14 16:35:50:552 --INFO -- 设备整机复位完成！
2022-06-14 16:35:52:082 --INFO -- 开始运行...

----------------------application startup--------------------------
2022-06-14 16:36:51:354 --INFO -- 软件启动成功！
2022-06-14 16:36:53:398 --INFO -- 点击复位...
2022-06-14 16:36:53:403 --INFO -- 设备整机开始复位！
2022-06-14 16:36:55:407 --INFO -- 设备整机复位完成！
2022-06-14 16:36:57:065 --INFO -- 开始运行...
2022-06-14 16:37:47:969 --INFO -- 点击复位...
2022-06-14 16:37:49:169 --INFO -- 开始运行...
2022-06-14 16:38:04:611 --INFO -- 点击复位...
2022-06-14 16:38:29:065 --INFO -- 开始运行...
2022-06-14 16:39:15:362 --INFO -- 点击复位...
2022-06-14 16:39:16:008 --INFO -- 开始运行...

----------------------application startup--------------------------
2022-06-14 16:41:19:488 --INFO -- 软件启动成功！
2022-06-14 16:41:21:504 --INFO -- 点击复位...
2022-06-14 16:41:21:508 --INFO -- 设备整机开始复位！
2022-06-14 16:41:23:513 --INFO -- 设备整机复位完成！
2022-06-14 16:41:25:130 --INFO -- 开始运行...

----------------------application startup--------------------------
2022-06-14 16:44:35:295 --INFO -- 软件启动成功！
2022-06-14 16:44:40:611 --INFO -- 点击复位...
2022-06-14 16:44:40:613 --INFO -- 设备整机开始复位！
2022-06-14 16:44:42:623 --INFO -- 设备整机复位完成！
2022-06-14 16:44:42:835 --INFO -- 开始运行...
2022-06-14 16:44:59:771 --INFO -- 点击复位...
2022-06-14 16:45:01:034 --INFO -- 开始运行...
2022-06-14 16:45:03:514 --INFO -- 点击复位...
2022-06-14 16:45:04:344 --INFO -- 开始运行...
2022-06-14 16:45:21:425 --INFO -- 点击停止...
2022-06-14 16:45:21:426 --INFO -- 停止中...
2022-06-14 16:45:21:429 --INFO -- 已停止！
2022-06-14 16:45:21:946 --INFO -- 点击复位...
2022-06-14 16:45:21:956 --INFO -- 设备整机开始复位！
2022-06-14 16:45:23:960 --INFO -- 设备整机复位完成！
2022-06-14 16:45:26:673 --INFO -- 开始运行...
2022-06-14 16:45:44:657 --INFO -- 点击复位...
2022-06-14 16:45:46:282 --INFO -- 点击停止...
2022-06-14 16:45:46:282 --INFO -- 停止中...
2022-06-14 16:45:46:289 --INFO -- 已停止！
2022-06-14 16:45:46:803 --INFO -- 点击复位...
2022-06-14 16:45:46:811 --INFO -- 设备整机开始复位！
2022-06-14 16:45:48:813 --INFO -- 设备整机复位完成！
2022-06-14 16:46:42:137 --INFO -- 开始运行...
2022-06-14 16:46:54:946 --INFO -- 点击复位...
2022-06-14 16:46:56:346 --INFO -- 开始运行...
2022-06-14 16:46:58:777 --INFO -- 点击复位...
2022-06-14 16:46:59:874 --INFO -- 开始运行...
2022-06-14 16:47:15:273 --INFO -- 点击复位...
2022-06-14 16:47:16:243 --INFO -- 开始运行...
2022-06-14 16:47:18:946 --INFO -- 点击复位...
2022-06-14 16:47:19:555 --INFO -- 开始运行...
2022-06-14 16:47:26:522 --INFO -- 点击复位...
2022-06-14 16:47:27:681 --INFO -- 开始运行...
2022-06-14 16:47:29:435 --INFO -- 点击停止...
2022-06-14 16:47:29:435 --INFO -- 停止中...
2022-06-14 16:47:29:441 --INFO -- 已停止！
2022-06-14 16:47:29:992 --INFO -- 点击复位...
2022-06-14 16:47:29:993 --INFO -- 设备整机开始复位！
2022-06-14 16:47:31:995 --INFO -- 设备整机复位完成！
2022-06-14 16:48:32:651 --INFO -- 开始运行...
2022-06-14 16:48:45:804 --INFO -- 点击复位...
2022-06-14 16:48:53:986 --INFO -- 点击停止...
2022-06-14 16:48:53:986 --INFO -- 停止中...
2022-06-14 16:48:54:503 --INFO -- 已停止！
2022-06-14 16:48:56:211 --INFO -- 点击复位...
2022-06-14 16:48:56:223 --INFO -- 设备整机开始复位！
2022-06-14 16:48:58:224 --INFO -- 设备整机复位完成！
2022-06-14 16:48:59:451 --INFO -- 点击停止...
2022-06-14 16:48:59:451 --INFO -- 停止中...
2022-06-14 16:48:59:463 --INFO -- 已停止！
2022-06-14 16:49:03:163 --INFO -- 点击复位...
2022-06-14 16:49:03:172 --INFO -- 设备整机开始复位！
2022-06-14 16:49:05:173 --INFO -- 设备整机复位完成！
2022-06-14 16:49:10:226 --INFO -- 开始运行...
2022-06-14 16:49:14:106 --INFO -- 点击停止...
2022-06-14 16:49:14:106 --INFO -- 停止中...
2022-06-14 16:49:14:708 --INFO -- 已停止！
2022-06-14 16:49:18:009 --INFO -- 点击复位...
2022-06-14 16:49:18:017 --INFO -- 设备整机开始复位！
2022-06-14 16:49:20:021 --INFO -- 设备整机复位完成！
2022-06-14 16:50:01:163 --INFO -- 开始运行...
2022-06-14 16:50:12:755 --INFO -- 点击复位...
2022-06-14 16:50:13:930 --INFO -- 开始运行...

----------------------application startup--------------------------
2022-06-14 17:03:19:612 --INFO -- 软件启动成功！
2022-06-14 17:04:36:460 --INFO -- 点击复位...
2022-06-14 17:04:36:470 --INFO -- 设备整机开始复位！
2022-06-14 17:04:38:496 --INFO -- 设备整机复位完成！
2022-06-14 17:06:50:876 --INFO -- 开始运行...
2022-06-14 17:07:35:163 --INFO -- 点击复位...
2022-06-14 17:08:05:156 --INFO -- 开始运行...
2022-06-14 17:08:09:530 --INFO -- 点击复位...
2022-06-14 17:08:10:229 --INFO -- 开始运行...
2022-06-14 17:08:26:650 --INFO -- 点击停止...
2022-06-14 17:08:26:651 --INFO -- 停止中...
2022-06-14 17:08:26:832 --INFO -- 已停止！
2022-06-14 17:08:28:965 --INFO -- 点击复位...
2022-06-14 17:08:28:974 --INFO -- 设备整机开始复位！
2022-06-14 17:08:30:976 --INFO -- 设备整机复位完成！
2022-06-14 17:08:42:324 --INFO -- 开始运行...

 ----------------------application shutdown--------------------------

----------------------application startup--------------------------
2022-06-14 17:30:18:380 --INFO -- 软件启动成功！
2022-06-14 17:30:20:503 --INFO -- 点击复位...
2022-06-14 17:30:20:514 --INFO -- 设备整机开始复位！
2022-06-14 17:30:22:516 --INFO -- 设备整机复位完成！
2022-06-14 17:30:24:767 --INFO -- 开始运行...

----------------------application startup--------------------------
2022-06-14 17:31:14:344 --INFO -- 软件启动成功！
2022-06-14 17:31:15:905 --INFO -- 点击复位...
2022-06-14 17:31:15:915 --INFO -- 设备整机开始复位！
2022-06-14 17:31:17:919 --INFO -- 设备整机复位完成！
2022-06-14 17:31:19:525 --INFO -- 开始运行...

----------------------application startup--------------------------
2022-06-14 17:32:33:370 --INFO -- 软件启动成功！
2022-06-14 17:32:34:916 --INFO -- 点击复位...
2022-06-14 17:32:34:927 --INFO -- 设备整机开始复位！
2022-06-14 17:32:36:930 --INFO -- 设备整机复位完成！
2022-06-14 17:32:38:349 --INFO -- 开始运行...

----------------------application startup--------------------------
2022-06-14 17:36:30:902 --INFO -- 软件启动成功！
2022-06-14 17:36:32:852 --INFO -- 点击复位...
2022-06-14 17:36:32:858 --INFO -- 设备整机开始复位！
2022-06-14 17:36:34:861 --INFO -- 设备整机复位完成！
2022-06-14 17:36:36:124 --INFO -- 开始运行...
2022-06-14 17:37:47:061 --INFO -- 点击停止...
2022-06-14 17:37:47:062 --INFO -- 停止中...
2022-06-14 17:38:01:877 --INFO -- 已停止！
2022-06-14 17:38:05:439 --INFO -- 点击复位...
2022-06-14 17:38:05:454 --INFO -- 设备整机开始复位！
2022-06-14 17:38:07:471 --INFO -- 设备整机复位完成！
2022-06-14 17:38:09:909 --INFO -- 开始运行...

----------------------application startup--------------------------
2022-06-14 17:40:44:767 --INFO -- 软件启动成功！
2022-06-14 17:40:46:231 --INFO -- 点击复位...
2022-06-14 17:40:46:243 --INFO -- 设备整机开始复位！
2022-06-14 17:40:48:248 --INFO -- 设备整机复位完成！

----------------------application startup--------------------------
2022-06-14 17:41:24:840 --INFO -- 软件启动成功！
2022-06-14 17:41:26:729 --INFO -- 点击复位...
2022-06-14 17:41:26:738 --INFO -- 设备整机开始复位！
2022-06-14 17:41:28:742 --INFO -- 设备整机复位完成！
2022-06-14 17:41:30:047 --INFO -- 开始运行...
2022-06-14 17:41:53:697 --ERROR-- 回动作位超时检查动作位传感器

 ----------------------application shutdown--------------------------

----------------------application startup--------------------------
2022-06-14 17:45:54:595 --INFO -- 软件启动成功！
2022-06-14 17:45:56:352 --INFO -- 点击复位...
2022-06-14 17:45:56:359 --INFO -- 设备整机开始复位！
2022-06-14 17:45:58:362 --INFO -- 设备整机复位完成！
2022-06-14 17:45:59:850 --INFO -- 开始运行...
2022-06-14 17:46:16:823 --ERROR-- 气缸1回动作位超时气缸1检查动作位传感器

 ----------------------application shutdown--------------------------

----------------------application startup--------------------------
2022-06-14 17:46:52:194 --INFO -- 软件启动成功！
2022-06-14 17:46:53:841 --INFO -- 点击复位...
2022-06-14 17:46:53:846 --INFO -- 设备整机开始复位！
2022-06-14 17:46:55:853 --INFO -- 设备整机复位完成！
2022-06-14 17:47:16:622 --INFO -- 开始运行...
2022-06-14 17:47:23:672 --ERROR-- 气缸1回动作位超时气缸1检查动作位传感器
2022-06-14 17:47:39:910 --INFO -- 点击复位...
2022-06-14 17:47:40:846 --INFO -- 开始运行...

----------------------application startup--------------------------
2022-06-14 17:48:23:353 --INFO -- 软件启动成功！
2022-06-14 17:48:25:833 --INFO -- 点击复位...
2022-06-14 17:48:25:837 --INFO -- 设备整机开始复位！
2022-06-14 17:48:27:841 --INFO -- 设备整机复位完成！
2022-06-14 17:48:30:343 --INFO -- 开始运行...
2022-06-14 17:48:35:406 --ERROR-- 气缸1回动作位超时气缸1检查动作位传感器

 ----------------------application shutdown--------------------------

----------------------application startup--------------------------
2022-06-14 17:49:38:115 --INFO -- 软件启动成功！
2022-06-14 17:49:40:370 --INFO -- 点击复位...
2022-06-14 17:49:40:374 --INFO -- 设备整机开始复位！
2022-06-14 17:49:42:383 --INFO -- 设备整机复位完成！
2022-06-14 17:49:43:141 --INFO -- 开始运行...
2022-06-14 17:49:48:191 --ERROR-- 气缸1回动作位超时气缸1检查动作位传感器
2022-06-14 17:50:10:854 --INFO -- 点击复位...
2022-06-14 17:50:11:728 --INFO -- 开始运行...
2022-06-14 17:50:15:235 --ERROR-- 气缸1回动作位超时气缸1检查动作位传感器
2022-06-14 17:50:20:565 --INFO -- 点击复位...
2022-06-14 17:50:21:632 --INFO -- 开始运行...
2022-06-14 17:50:25:136 --ERROR-- 气缸1回动作位超时气缸1检查动作位传感器

 ----------------------application shutdown--------------------------

----------------------application startup--------------------------
2022-06-14 17:52:10:240 --INFO -- 软件启动成功！

 ----------------------application shutdown--------------------------

----------------------application startup--------------------------
2022-06-14 17:53:22:234 --INFO -- 软件启动成功！
2022-06-14 18:08:54:396 --INFO -- 点击复位...
2022-06-14 18:08:54:407 --INFO -- 设备整机开始复位！
2022-06-14 18:08:56:423 --INFO -- 设备整机复位完成！
2022-06-14 18:08:58:258 --INFO -- 开始运行...
2022-06-14 18:09:03:325 --ERROR-- 回动作位超时检查动作位传感器
2022-06-14 18:09:22:431 --INFO -- 点击复位...
2022-06-14 18:09:23:410 --INFO -- 开始运行...
2022-06-14 18:09:26:914 --ERROR-- 回动作位超时检查动作位传感器
2022-06-14 18:09:30:786 --INFO -- 点击复位...
2022-06-14 18:09:31:873 --INFO -- 开始运行...
2022-06-14 18:09:35:382 --ERROR-- 回动作位超时检查动作位传感器
2022-06-14 18:09:43:266 --INFO -- 点击复位...
2022-06-14 18:09:43:950 --INFO -- 开始运行...
2022-06-14 18:09:47:454 --ERROR-- 回动作位超时检查动作位传感器
2022-06-14 18:09:52:001 --INFO -- 点击复位...
2022-06-14 18:09:52:883 --INFO -- 开始运行...
2022-06-14 18:09:56:387 --ERROR-- 回动作位超时检查动作位传感器
2022-06-14 18:10:38:569 --INFO -- 点击复位...
2022-06-14 18:10:39:719 --INFO -- 开始运行...
2022-06-14 18:10:40:995 --INFO -- 点击停止...
2022-06-14 18:10:40:995 --INFO -- 停止中...
2022-06-14 18:10:49:259 --INFO -- 已停止！
2022-06-14 18:10:51:746 --INFO -- 点击复位...
2022-06-14 18:10:51:753 --INFO -- 设备整机开始复位！
2022-06-14 18:10:53:755 --INFO -- 设备整机复位完成！
2022-06-14 18:10:55:890 --INFO -- 开始运行...
2022-06-14 18:10:57:425 --INFO -- 点击停止...
2022-06-14 18:10:57:425 --INFO -- 停止中...
2022-06-14 18:10:57:437 --INFO -- 已停止！
2022-06-14 18:10:59:495 --INFO -- 点击复位...
2022-06-14 18:10:59:505 --INFO -- 设备整机开始复位！
2022-06-14 18:11:01:507 --INFO -- 设备整机复位完成！
2022-06-14 18:11:02:464 --INFO -- 开始运行...
2022-06-14 18:11:07:507 --ERROR-- 回动作位超时检查动作位传感器
2022-06-14 18:11:13:505 --INFO -- 点击停止...
2022-06-14 18:11:13:505 --INFO -- 停止中...
2022-06-14 18:11:13:511 --INFO -- 已停止！
2022-06-14 18:11:15:554 --INFO -- 点击复位...
2022-06-14 18:11:15:556 --INFO -- 设备整机开始复位！
2022-06-14 18:11:17:557 --INFO -- 设备整机复位完成！
2022-06-14 18:11:18:657 --INFO -- 开始运行...
2022-06-14 18:11:19:514 --INFO -- 点击停止...
2022-06-14 18:11:19:514 --INFO -- 停止中...
2022-06-14 18:11:19:674 --INFO -- 已停止！
2022-06-14 18:11:23:616 --INFO -- 点击复位...
2022-06-14 18:11:23:619 --INFO -- 设备整机开始复位！
2022-06-14 18:11:25:622 --INFO -- 设备整机复位完成！
2022-06-14 18:11:27:071 --INFO -- 开始运行...
2022-06-14 18:11:32:111 --ERROR-- 回动作位超时检查动作位传感器
2022-06-14 18:11:39:219 --INFO -- 点击复位...
2022-06-14 18:11:40:078 --INFO -- 开始运行...
2022-06-14 18:11:43:587 --ERROR-- 回动作位超时检查动作位传感器
2022-06-14 18:12:08:967 --INFO -- 点击复位...
2022-06-14 18:12:10:345 --INFO -- 开始运行...
2022-06-14 18:12:13:851 --ERROR-- 回动作位超时检查动作位传感器

 ----------------------application shutdown--------------------------

----------------------application startup--------------------------
2022-06-14 18:51:03:615 --INFO -- 软件启动成功！
2022-06-14 18:51:05:987 --INFO -- 点击复位...
2022-06-14 18:51:05:990 --INFO -- 设备整机开始复位！
2022-06-14 18:51:07:998 --INFO -- 设备整机复位完成！
2022-06-14 18:51:09:772 --INFO -- 开始运行...
2022-06-14 18:51:14:853 --ERROR-- 回动作位超时检查动作位传感器
2022-06-14 18:53:21:163 --INFO -- 点击停止...
2022-06-14 18:53:21:163 --INFO -- 停止中...
2022-06-14 18:53:21:192 --INFO -- 已停止！
2022-06-14 18:53:21:811 --INFO -- 点击复位...
2022-06-14 18:53:21:821 --INFO -- 设备整机开始复位！
2022-06-14 18:53:23:839 --INFO -- 设备整机复位完成！
2022-06-14 18:53:26:108 --INFO -- 开始运行...
2022-06-14 18:53:31:168 --ERROR-- 回动作位超时检查动作位传感器
2022-06-14 18:53:40:626 --INFO -- 点击复位...
2022-06-14 18:53:41:940 --INFO -- 开始运行...
2022-06-14 18:53:45:450 --ERROR-- 回动作位超时检查动作位传感器
2022-06-14 18:53:47:811 --INFO -- 点击复位...
2022-06-14 18:53:48:489 --INFO -- 开始运行...
2022-06-14 18:53:52:005 --ERROR-- 回动作位超时检查动作位传感器
2022-06-14 18:54:52:131 --INFO -- 点击复位...
2022-06-14 18:54:52:835 --INFO -- 开始运行...
2022-06-14 18:54:56:359 --ERROR-- 回动作位超时检查动作位传感器
2022-06-14 18:55:09:347 --INFO -- 点击复位...
2022-06-14 19:01:49:644 --INFO -- 开始运行...
2022-06-14 19:01:50:883 --INFO -- 点击停止...
2022-06-14 19:01:50:883 --INFO -- 停止中...
2022-06-14 19:02:06:115 --INFO -- 已停止！
2022-06-14 19:02:43:589 --INFO -- 点击复位...
2022-06-14 19:02:43:590 --INFO -- 设备整机开始复位！
2022-06-14 19:02:45:595 --INFO -- 设备整机复位完成！
2022-06-14 19:02:50:875 --INFO -- 开始运行...
2022-06-14 19:02:55:938 --ERROR-- 回动作位超时检查动作位传感器
2022-06-14 19:03:03:212 --INFO -- 点击复位...
2022-06-14 19:03:04:138 --INFO -- 开始运行...
2022-06-14 19:03:07:657 --ERROR-- 回动作位超时检查动作位传感器
2022-06-14 19:03:09:548 --INFO -- 点击复位...
2022-06-14 19:03:10:106 --INFO -- 开始运行...
2022-06-14 19:03:13:615 --ERROR-- 回动作位超时检查动作位传感器
2022-06-14 19:03:16:571 --INFO -- 点击停止...
2022-06-14 19:03:16:571 --INFO -- 停止中...
2022-06-14 19:03:16:577 --INFO -- 已停止！

 ----------------------application shutdown--------------------------
